{"/Users/biltek/Desktop/Me/workout-note/src/app.js": {"path":"/Users/biltek/Desktop/Me/workout-note/src/app.js","statementMap":{"0":{"start":{"line":1,"column":16},"end":{"line":1,"column":34}},"1":{"start":{"line":3,"column":15},"end":{"line":3,"column":46}},"2":{"start":{"line":4,"column":21},"end":{"line":4,"column":51}},"3":{"start":{"line":5,"column":21},"end":{"line":5,"column":53}},"4":{"start":{"line":6,"column":22},"end":{"line":6,"column":56}},"5":{"start":{"line":7,"column":23},"end":{"line":7,"column":58}},"6":{"start":{"line":8,"column":22},"end":{"line":8,"column":56}},"7":{"start":{"line":9,"column":18},"end":{"line":9,"column":48}},"8":{"start":{"line":10,"column":21},"end":{"line":10,"column":45}},"9":{"start":{"line":11,"column":13},"end":{"line":11,"column":43}},"10":{"start":{"line":12,"column":19},"end":{"line":12,"column":50}},"11":{"start":{"line":13,"column":12},"end":{"line":13,"column":21}},"12":{"start":{"line":15,"column":0},"end":{"line":15,"column":24}},"13":{"start":{"line":16,"column":0},"end":{"line":16,"column":16}},"14":{"start":{"line":18,"column":13},"end":{"line":18,"column":28}},"15":{"start":{"line":19,"column":0},"end":{"line":19,"column":20}},"16":{"start":{"line":20,"column":0},"end":{"line":20,"column":59}},"17":{"start":{"line":21,"column":0},"end":{"line":21,"column":24}},"18":{"start":{"line":22,"column":0},"end":{"line":22,"column":27}},"19":{"start":{"line":24,"column":0},"end":{"line":24,"column":22}},"20":{"start":{"line":25,"column":0},"end":{"line":25,"column":23}},"21":{"start":{"line":26,"column":0},"end":{"line":26,"column":24}},"22":{"start":{"line":27,"column":0},"end":{"line":27,"column":19}},"23":{"start":{"line":33,"column":0},"end":{"line":33,"column":23}},"24":{"start":{"line":35,"column":0},"end":{"line":35,"column":22}},"25":{"start":{"line":38,"column":0},"end":{"line":38,"column":21}}},"fnMap":{},"branchMap":{},"s":{"0":1,"1":1,"2":1,"3":1,"4":1,"5":1,"6":1,"7":1,"8":1,"9":1,"10":1,"11":1,"12":1,"13":1,"14":1,"15":1,"16":1,"17":1,"18":1,"19":1,"20":1,"21":1,"22":1,"23":1,"24":1,"25":1},"f":{},"b":{},"_coverageSchema":"1a1c01bbd47fc00a2c39e90264f33305004495a9","hash":"7f43b92467ca08dc6e8fc49bca13f219f523fad4"}
,"/Users/biltek/Desktop/Me/workout-note/src/config/db.js": {"path":"/Users/biltek/Desktop/Me/workout-note/src/config/db.js","statementMap":{"0":{"start":{"line":1,"column":17},"end":{"line":1,"column":30}},"1":{"start":{"line":3,"column":25},"end":{"line":3,"column":77}},"2":{"start":{"line":5,"column":0},"end":{"line":7,"column":1}},"3":{"start":{"line":6,"column":2},"end":{"line":6,"column":61}},"4":{"start":{"line":9,"column":16},"end":{"line":9,"column":96}},"5":{"start":{"line":11,"column":15},"end":{"line":11,"column":23}},"6":{"start":{"line":13,"column":13},"end":{"line":16,"column":2}},"7":{"start":{"line":19,"column":0},"end":{"line":19,"column":73}},"8":{"start":{"line":22,"column":0},"end":{"line":22,"column":22}}},"fnMap":{},"branchMap":{"0":{"loc":{"start":{"line":3,"column":25},"end":{"line":3,"column":77}},"type":"binary-expr","locations":[{"start":{"line":3,"column":25},"end":{"line":3,"column":49}},{"start":{"line":3,"column":53},"end":{"line":3,"column":77}}],"line":3},"1":{"loc":{"start":{"line":5,"column":0},"end":{"line":7,"column":1}},"type":"if","locations":[{"start":{"line":5,"column":0},"end":{"line":7,"column":1}},{"start":{},"end":{}}],"line":5},"2":{"loc":{"start":{"line":9,"column":16},"end":{"line":9,"column":96}},"type":"binary-expr","locations":[{"start":{"line":9,"column":16},"end":{"line":9,"column":54}},{"start":{"line":9,"column":58},"end":{"line":9,"column":96}}],"line":9},"3":{"loc":{"start":{"line":15,"column":7},"end":{"line":15,"column":53}},"type":"cond-expr","locations":[{"start":{"line":15,"column":16},"end":{"line":15,"column":45}},{"start":{"line":15,"column":48},"end":{"line":15,"column":53}}],"line":15},"4":{"loc":{"start":{"line":19,"column":48},"end":{"line":19,"column":69}},"type":"cond-expr","locations":[{"start":{"line":19,"column":57},"end":{"line":19,"column":61}},{"start":{"line":19,"column":64},"end":{"line":19,"column":69}}],"line":19}},"s":{"0":2,"1":2,"2":2,"3":0,"4":2,"5":2,"6":2,"7":2,"8":2},"f":{},"b":{"0":[2,0],"1":[0,2],"2":[2,0],"3":[0,2],"4":[0,2]},"_coverageSchema":"1a1c01bbd47fc00a2c39e90264f33305004495a9","hash":"921827956922975c27dbeb313f3e9559414c6f72"}
,"/Users/biltek/Desktop/Me/workout-note/src/config/env.js": {"path":"/Users/biltek/Desktop/Me/workout-note/src/config/env.js","statementMap":{"0":{"start":{"line":1,"column":0},"end":{"line":1,"column":27}},"1":{"start":{"line":3,"column":0},"end":{"line":7,"column":1}}},"fnMap":{},"branchMap":{"0":{"loc":{"start":{"line":4,"column":10},"end":{"line":4,"column":34}},"type":"binary-expr","locations":[{"start":{"line":4,"column":10},"end":{"line":4,"column":26}},{"start":{"line":4,"column":30},"end":{"line":4,"column":34}}],"line":4},"1":{"loc":{"start":{"line":5,"column":14},"end":{"line":5,"column":51}},"type":"binary-expr","locations":[{"start":{"line":5,"column":14},"end":{"line":5,"column":34}},{"start":{"line":5,"column":38},"end":{"line":5,"column":51}}],"line":5},"2":{"loc":{"start":{"line":6,"column":13},"end":{"line":6,"column":43}},"type":"binary-expr","locations":[{"start":{"line":6,"column":13},"end":{"line":6,"column":32}},{"start":{"line":6,"column":36},"end":{"line":6,"column":43}}],"line":6}},"s":{"0":1,"1":1},"f":{},"b":{"0":[1,0],"1":[1,0],"2":[1,0]},"_coverageSchema":"1a1c01bbd47fc00a2c39e90264f33305004495a9","hash":"9929cda00cae9b8cd194433e859a9bccbdc32620"}
,"/Users/biltek/Desktop/Me/workout-note/src/constants/defaultExercises.js": {"path":"/Users/biltek/Desktop/Me/workout-note/src/constants/defaultExercises.js","statementMap":{"0":{"start":{"line":1,"column":0},"end":{"line":42,"column":2}}},"fnMap":{},"branchMap":{},"s":{"0":1},"f":{},"b":{},"_coverageSchema":"1a1c01bbd47fc00a2c39e90264f33305004495a9","hash":"e2f5c9721d21f46265d5911fc0ab8d22694b5c38"}
,"/Users/biltek/Desktop/Me/workout-note/src/controllers/auth.controller.js": {"path":"/Users/biltek/Desktop/Me/workout-note/src/controllers/auth.controller.js","statementMap":{"0":{"start":{"line":1,"column":20},"end":{"line":1,"column":55}},"1":{"start":{"line":3,"column":17},"end":{"line":17,"column":1}},"2":{"start":{"line":4,"column":4},"end":{"line":16,"column":5}},"3":{"start":{"line":5,"column":42},"end":{"line":5,"column":50}},"4":{"start":{"line":6,"column":23},"end":{"line":6,"column":36}},"5":{"start":{"line":7,"column":25},"end":{"line":12,"column":9}},"6":{"start":{"line":13,"column":8},"end":{"line":13,"column":42}},"7":{"start":{"line":15,"column":8},"end":{"line":15,"column":17}},"8":{"start":{"line":19,"column":14},"end":{"line":39,"column":1}},"9":{"start":{"line":20,"column":4},"end":{"line":38,"column":5}},"10":{"start":{"line":21,"column":36},"end":{"line":21,"column":44}},"11":{"start":{"line":22,"column":23},"end":{"line":22,"column":36}},"12":{"start":{"line":23,"column":23},"end":{"line":23,"column":71}},"13":{"start":{"line":25,"column":8},"end":{"line":30,"column":11}},"14":{"start":{"line":32,"column":8},"end":{"line":35,"column":11}},"15":{"start":{"line":37,"column":8},"end":{"line":37,"column":18}},"16":{"start":{"line":41,"column":16},"end":{"line":49,"column":1}},"17":{"start":{"line":42,"column":4},"end":{"line":48,"column":5}},"18":{"start":{"line":43,"column":29},"end":{"line":43,"column":54}},"19":{"start":{"line":44,"column":28},"end":{"line":44,"column":67}},"20":{"start":{"line":45,"column":8},"end":{"line":45,"column":34}},"21":{"start":{"line":47,"column":8},"end":{"line":47,"column":17}},"22":{"start":{"line":51,"column":15},"end":{"line":64,"column":1}},"23":{"start":{"line":52,"column":4},"end":{"line":63,"column":5}},"24":{"start":{"line":53,"column":29},"end":{"line":53,"column":55}},"25":{"start":{"line":54,"column":8},"end":{"line":54,"column":47}},"26":{"start":{"line":55,"column":8},"end":{"line":59,"column":11}},"27":{"start":{"line":60,"column":8},"end":{"line":60,"column":30}},"28":{"start":{"line":62,"column":8},"end":{"line":62,"column":18}},"29":{"start":{"line":66,"column":22},"end":{"line":75,"column":1}},"30":{"start":{"line":67,"column":4},"end":{"line":74,"column":5}},"31":{"start":{"line":68,"column":23},"end":{"line":68,"column":34}},"32":{"start":{"line":69,"column":25},"end":{"line":69,"column":33}},"33":{"start":{"line":70,"column":28},"end":{"line":70,"column":73}},"34":{"start":{"line":71,"column":8},"end":{"line":71,"column":68}},"35":{"start":{"line":73,"column":8},"end":{"line":73,"column":18}},"36":{"start":{"line":77,"column":23},"end":{"line":86,"column":1}},"37":{"start":{"line":78,"column":4},"end":{"line":85,"column":5}},"38":{"start":{"line":79,"column":23},"end":{"line":79,"column":34}},"39":{"start":{"line":80,"column":49},"end":{"line":80,"column":57}},"40":{"start":{"line":81,"column":8},"end":{"line":81,"column":79}},"41":{"start":{"line":82,"column":8},"end":{"line":82,"column":63}},"42":{"start":{"line":84,"column":8},"end":{"line":84,"column":18}},"43":{"start":{"line":88,"column":0},"end":{"line":88,"column":84}}},"fnMap":{"0":{"name":"(anonymous_0)","decl":{"start":{"line":3,"column":17},"end":{"line":3,"column":18}},"loc":{"start":{"line":3,"column":43},"end":{"line":17,"column":1}},"line":3},"1":{"name":"(anonymous_1)","decl":{"start":{"line":19,"column":14},"end":{"line":19,"column":15}},"loc":{"start":{"line":19,"column":40},"end":{"line":39,"column":1}},"line":19},"2":{"name":"(anonymous_2)","decl":{"start":{"line":41,"column":16},"end":{"line":41,"column":17}},"loc":{"start":{"line":41,"column":42},"end":{"line":49,"column":1}},"line":41},"3":{"name":"(anonymous_3)","decl":{"start":{"line":51,"column":15},"end":{"line":51,"column":16}},"loc":{"start":{"line":51,"column":41},"end":{"line":64,"column":1}},"line":51},"4":{"name":"(anonymous_4)","decl":{"start":{"line":66,"column":22},"end":{"line":66,"column":23}},"loc":{"start":{"line":66,"column":48},"end":{"line":75,"column":1}},"line":66},"5":{"name":"(anonymous_5)","decl":{"start":{"line":77,"column":23},"end":{"line":77,"column":24}},"loc":{"start":{"line":77,"column":49},"end":{"line":86,"column":1}},"line":77}},"branchMap":{},"s":{"0":1,"1":1,"2":7,"3":7,"4":7,"5":7,"6":6,"7":1,"8":1,"9":3,"10":3,"11":3,"12":3,"13":1,"14":1,"15":2,"16":1,"17":0,"18":0,"19":0,"20":0,"21":0,"22":1,"23":0,"24":0,"25":0,"26":0,"27":0,"28":0,"29":1,"30":0,"31":0,"32":0,"33":0,"34":0,"35":0,"36":1,"37":0,"38":0,"39":0,"40":0,"41":0,"42":0,"43":1},"f":{"0":7,"1":3,"2":0,"3":0,"4":0,"5":0},"b":{},"_coverageSchema":"1a1c01bbd47fc00a2c39e90264f33305004495a9","hash":"da2c685071b36f057db6ebb1c2e63a99943b6809"}
,"/Users/biltek/Desktop/Me/workout-note/src/controllers/exercise.controller.js": {"path":"/Users/biltek/Desktop/Me/workout-note/src/controllers/exercise.controller.js","statementMap":{"0":{"start":{"line":1,"column":24},"end":{"line":1,"column":63}},"1":{"start":{"line":3,"column":23},"end":{"line":13,"column":1}},"2":{"start":{"line":4,"column":4},"end":{"line":12,"column":5}},"3":{"start":{"line":5,"column":23},"end":{"line":5,"column":34}},"4":{"start":{"line":6,"column":65},"end":{"line":6,"column":73}},"5":{"start":{"line":7,"column":25},"end":{"line":7,"column":119}},"6":{"start":{"line":9,"column":8},"end":{"line":9,"column":43}},"7":{"start":{"line":11,"column":8},"end":{"line":11,"column":18}},"8":{"start":{"line":15,"column":21},"end":{"line":23,"column":1}},"9":{"start":{"line":16,"column":4},"end":{"line":22,"column":5}},"10":{"start":{"line":17,"column":23},"end":{"line":17,"column":34}},"11":{"start":{"line":18,"column":25},"end":{"line":18,"column":67}},"12":{"start":{"line":19,"column":8},"end":{"line":19,"column":46}},"13":{"start":{"line":21,"column":8},"end":{"line":21,"column":17}},"14":{"start":{"line":25,"column":23},"end":{"line":33,"column":1}},"15":{"start":{"line":26,"column":4},"end":{"line":32,"column":32}},"16":{"start":{"line":27,"column":23},"end":{"line":27,"column":34}},"17":{"start":{"line":28,"column":23},"end":{"line":28,"column":33}},"18":{"start":{"line":29,"column":65},"end":{"line":29,"column":73}},"19":{"start":{"line":30,"column":24},"end":{"line":30,"column":122}},"20":{"start":{"line":31,"column":8},"end":{"line":31,"column":26}},"21":{"start":{"line":32,"column":20},"end":{"line":32,"column":30}},"22":{"start":{"line":35,"column":23},"end":{"line":42,"column":1}},"23":{"start":{"line":36,"column":4},"end":{"line":41,"column":32}},"24":{"start":{"line":37,"column":23},"end":{"line":37,"column":34}},"25":{"start":{"line":38,"column":23},"end":{"line":38,"column":33}},"26":{"start":{"line":39,"column":8},"end":{"line":39,"column":57}},"27":{"start":{"line":40,"column":8},"end":{"line":40,"column":30}},"28":{"start":{"line":41,"column":20},"end":{"line":41,"column":30}},"29":{"start":{"line":44,"column":25},"end":{"line":51,"column":1}},"30":{"start":{"line":45,"column":4},"end":{"line":50,"column":32}},"31":{"start":{"line":46,"column":23},"end":{"line":46,"column":34}},"32":{"start":{"line":47,"column":31},"end":{"line":47,"column":39}},"33":{"start":{"line":48,"column":8},"end":{"line":48,"column":67}},"34":{"start":{"line":49,"column":8},"end":{"line":49,"column":59}},"35":{"start":{"line":50,"column":20},"end":{"line":50,"column":30}},"36":{"start":{"line":53,"column":0},"end":{"line":53,"column":99}}},"fnMap":{"0":{"name":"(anonymous_0)","decl":{"start":{"line":3,"column":23},"end":{"line":3,"column":24}},"loc":{"start":{"line":3,"column":49},"end":{"line":13,"column":1}},"line":3},"1":{"name":"(anonymous_1)","decl":{"start":{"line":15,"column":21},"end":{"line":15,"column":22}},"loc":{"start":{"line":15,"column":47},"end":{"line":23,"column":1}},"line":15},"2":{"name":"(anonymous_2)","decl":{"start":{"line":25,"column":23},"end":{"line":25,"column":24}},"loc":{"start":{"line":25,"column":49},"end":{"line":33,"column":1}},"line":25},"3":{"name":"(anonymous_3)","decl":{"start":{"line":35,"column":23},"end":{"line":35,"column":24}},"loc":{"start":{"line":35,"column":49},"end":{"line":42,"column":1}},"line":35},"4":{"name":"(anonymous_4)","decl":{"start":{"line":44,"column":25},"end":{"line":44,"column":26}},"loc":{"start":{"line":44,"column":51},"end":{"line":51,"column":1}},"line":44}},"branchMap":{},"s":{"0":1,"1":1,"2":0,"3":0,"4":0,"5":0,"6":0,"7":0,"8":1,"9":0,"10":0,"11":0,"12":0,"13":0,"14":1,"15":0,"16":0,"17":0,"18":0,"19":0,"20":0,"21":0,"22":1,"23":0,"24":0,"25":0,"26":0,"27":0,"28":0,"29":1,"30":0,"31":0,"32":0,"33":0,"34":0,"35":0,"36":1},"f":{"0":0,"1":0,"2":0,"3":0,"4":0},"b":{},"_coverageSchema":"1a1c01bbd47fc00a2c39e90264f33305004495a9","hash":"fc36757b62cc34048bb00a9f779c1bf4a8b4d92f"}
,"/Users/biltek/Desktop/Me/workout-note/src/controllers/routine.controller.js": {"path":"/Users/biltek/Desktop/Me/workout-note/src/controllers/routine.controller.js","statementMap":{"0":{"start":{"line":1,"column":23},"end":{"line":1,"column":61}},"1":{"start":{"line":3,"column":15},"end":{"line":12,"column":1}},"2":{"start":{"line":4,"column":4},"end":{"line":11,"column":5}},"3":{"start":{"line":5,"column":23},"end":{"line":5,"column":34}},"4":{"start":{"line":6,"column":36},"end":{"line":6,"column":44}},"5":{"start":{"line":7,"column":24},"end":{"line":7,"column":83}},"6":{"start":{"line":8,"column":8},"end":{"line":8,"column":38}},"7":{"start":{"line":10,"column":8},"end":{"line":10,"column":20}},"8":{"start":{"line":14,"column":15},"end":{"line":22,"column":1}},"9":{"start":{"line":15,"column":4},"end":{"line":21,"column":5}},"10":{"start":{"line":16,"column":23},"end":{"line":16,"column":34}},"11":{"start":{"line":17,"column":25},"end":{"line":17,"column":69}},"12":{"start":{"line":18,"column":8},"end":{"line":18,"column":39}},"13":{"start":{"line":20,"column":8},"end":{"line":20,"column":20}},"14":{"start":{"line":24,"column":15},"end":{"line":32,"column":1}},"15":{"start":{"line":25,"column":4},"end":{"line":31,"column":5}},"16":{"start":{"line":26,"column":23},"end":{"line":26,"column":33}},"17":{"start":{"line":27,"column":24},"end":{"line":27,"column":59}},"18":{"start":{"line":28,"column":8},"end":{"line":28,"column":38}},"19":{"start":{"line":30,"column":8},"end":{"line":30,"column":20}},"20":{"start":{"line":34,"column":22},"end":{"line":41,"column":1}},"21":{"start":{"line":35,"column":4},"end":{"line":40,"column":36}},"22":{"start":{"line":36,"column":23},"end":{"line":36,"column":34}},"23":{"start":{"line":37,"column":23},"end":{"line":37,"column":33}},"24":{"start":{"line":38,"column":8},"end":{"line":38,"column":55}},"25":{"start":{"line":39,"column":8},"end":{"line":39,"column":30}},"26":{"start":{"line":40,"column":22},"end":{"line":40,"column":34}},"27":{"start":{"line":43,"column":22},"end":{"line":51,"column":1}},"28":{"start":{"line":44,"column":4},"end":{"line":50,"column":36}},"29":{"start":{"line":45,"column":23},"end":{"line":45,"column":34}},"30":{"start":{"line":46,"column":23},"end":{"line":46,"column":33}},"31":{"start":{"line":47,"column":36},"end":{"line":47,"column":44}},"32":{"start":{"line":48,"column":24},"end":{"line":48,"column":87}},"33":{"start":{"line":49,"column":8},"end":{"line":49,"column":26}},"34":{"start":{"line":50,"column":22},"end":{"line":50,"column":34}},"35":{"start":{"line":53,"column":0},"end":{"line":53,"column":74}}},"fnMap":{"0":{"name":"(anonymous_0)","decl":{"start":{"line":3,"column":15},"end":{"line":3,"column":16}},"loc":{"start":{"line":3,"column":41},"end":{"line":12,"column":1}},"line":3},"1":{"name":"(anonymous_1)","decl":{"start":{"line":14,"column":15},"end":{"line":14,"column":16}},"loc":{"start":{"line":14,"column":41},"end":{"line":22,"column":1}},"line":14},"2":{"name":"(anonymous_2)","decl":{"start":{"line":24,"column":15},"end":{"line":24,"column":16}},"loc":{"start":{"line":24,"column":41},"end":{"line":32,"column":1}},"line":24},"3":{"name":"(anonymous_3)","decl":{"start":{"line":34,"column":22},"end":{"line":34,"column":23}},"loc":{"start":{"line":34,"column":48},"end":{"line":41,"column":1}},"line":34},"4":{"name":"(anonymous_4)","decl":{"start":{"line":43,"column":22},"end":{"line":43,"column":23}},"loc":{"start":{"line":43,"column":48},"end":{"line":51,"column":1}},"line":43}},"branchMap":{},"s":{"0":1,"1":1,"2":0,"3":0,"4":0,"5":0,"6":0,"7":0,"8":1,"9":0,"10":0,"11":0,"12":0,"13":0,"14":1,"15":0,"16":0,"17":0,"18":0,"19":0,"20":1,"21":0,"22":0,"23":0,"24":0,"25":0,"26":0,"27":1,"28":0,"29":0,"30":0,"31":0,"32":0,"33":0,"34":0,"35":1},"f":{"0":0,"1":0,"2":0,"3":0,"4":0},"b":{},"_coverageSchema":"1a1c01bbd47fc00a2c39e90264f33305004495a9","hash":"58d3803e20fa4c00587d74f4bd1bd3368472515b"}
,"/Users/biltek/Desktop/Me/workout-note/src/controllers/workouts.controller.js": {"path":"/Users/biltek/Desktop/Me/workout-note/src/controllers/workouts.controller.js","statementMap":{"0":{"start":{"line":1,"column":24},"end":{"line":1,"column":63}},"1":{"start":{"line":3,"column":22},"end":{"line":16,"column":1}},"2":{"start":{"line":4,"column":2},"end":{"line":15,"column":3}},"3":{"start":{"line":5,"column":41},"end":{"line":5,"column":49}},"4":{"start":{"line":6,"column":19},"end":{"line":6,"column":30}},"5":{"start":{"line":7,"column":20},"end":{"line":10,"column":5}},"6":{"start":{"line":12,"column":4},"end":{"line":12,"column":38}},"7":{"start":{"line":14,"column":4},"end":{"line":14,"column":13}},"8":{"start":{"line":18,"column":19},"end":{"line":30,"column":1}},"9":{"start":{"line":19,"column":2},"end":{"line":29,"column":3}},"10":{"start":{"line":20,"column":22},"end":{"line":20,"column":35}},"11":{"start":{"line":21,"column":19},"end":{"line":21,"column":30}},"12":{"start":{"line":22,"column":20},"end":{"line":25,"column":5}},"13":{"start":{"line":26,"column":4},"end":{"line":26,"column":32}},"14":{"start":{"line":28,"column":4},"end":{"line":28,"column":13}},"15":{"start":{"line":31,"column":15},"end":{"line":37,"column":1}},"16":{"start":{"line":32,"column":2},"end":{"line":36,"column":30}},"17":{"start":{"line":33,"column":19},"end":{"line":33,"column":30}},"18":{"start":{"line":34,"column":21},"end":{"line":34,"column":65}},"19":{"start":{"line":35,"column":4},"end":{"line":35,"column":35}},"20":{"start":{"line":36,"column":18},"end":{"line":36,"column":28}},"21":{"start":{"line":39,"column":22},"end":{"line":46,"column":1}},"22":{"start":{"line":40,"column":2},"end":{"line":45,"column":30}},"23":{"start":{"line":41,"column":19},"end":{"line":41,"column":30}},"24":{"start":{"line":42,"column":19},"end":{"line":42,"column":29}},"25":{"start":{"line":43,"column":4},"end":{"line":43,"column":52}},"26":{"start":{"line":44,"column":4},"end":{"line":44,"column":26}},"27":{"start":{"line":45,"column":18},"end":{"line":45,"column":28}},"28":{"start":{"line":48,"column":22},"end":{"line":56,"column":1}},"29":{"start":{"line":49,"column":2},"end":{"line":55,"column":30}},"30":{"start":{"line":50,"column":19},"end":{"line":50,"column":30}},"31":{"start":{"line":51,"column":19},"end":{"line":51,"column":29}},"32":{"start":{"line":52,"column":41},"end":{"line":52,"column":49}},"33":{"start":{"line":53,"column":20},"end":{"line":53,"column":97}},"34":{"start":{"line":54,"column":4},"end":{"line":54,"column":22}},"35":{"start":{"line":55,"column":18},"end":{"line":55,"column":28}},"36":{"start":{"line":58,"column":0},"end":{"line":58,"column":84}}},"fnMap":{"0":{"name":"(anonymous_0)","decl":{"start":{"line":3,"column":22},"end":{"line":3,"column":23}},"loc":{"start":{"line":3,"column":48},"end":{"line":16,"column":1}},"line":3},"1":{"name":"(anonymous_1)","decl":{"start":{"line":18,"column":19},"end":{"line":18,"column":20}},"loc":{"start":{"line":18,"column":45},"end":{"line":30,"column":1}},"line":18},"2":{"name":"(anonymous_2)","decl":{"start":{"line":31,"column":15},"end":{"line":31,"column":16}},"loc":{"start":{"line":31,"column":41},"end":{"line":37,"column":1}},"line":31},"3":{"name":"(anonymous_3)","decl":{"start":{"line":39,"column":22},"end":{"line":39,"column":23}},"loc":{"start":{"line":39,"column":48},"end":{"line":46,"column":1}},"line":39},"4":{"name":"(anonymous_4)","decl":{"start":{"line":48,"column":22},"end":{"line":48,"column":23}},"loc":{"start":{"line":48,"column":48},"end":{"line":56,"column":1}},"line":48}},"branchMap":{},"s":{"0":1,"1":1,"2":0,"3":0,"4":0,"5":0,"6":0,"7":0,"8":1,"9":0,"10":0,"11":0,"12":0,"13":0,"14":0,"15":1,"16":0,"17":0,"18":0,"19":0,"20":0,"21":1,"22":0,"23":0,"24":0,"25":0,"26":0,"27":0,"28":1,"29":0,"30":0,"31":0,"32":0,"33":0,"34":0,"35":0,"36":1},"f":{"0":0,"1":0,"2":0,"3":0,"4":0},"b":{},"_coverageSchema":"1a1c01bbd47fc00a2c39e90264f33305004495a9","hash":"c059323ac2804ddb287f2ad3f26be17cf61c3457"}
,"/Users/biltek/Desktop/Me/workout-note/src/errors/AppError.js": {"path":"/Users/biltek/Desktop/Me/workout-note/src/errors/AppError.js","statementMap":{"0":{"start":{"line":3,"column":8},"end":{"line":3,"column":23}},"1":{"start":{"line":5,"column":8},"end":{"line":5,"column":37}},"2":{"start":{"line":6,"column":8},"end":{"line":6,"column":34}},"3":{"start":{"line":7,"column":8},"end":{"line":7,"column":31}},"4":{"start":{"line":8,"column":8},"end":{"line":8,"column":56}},"5":{"start":{"line":12,"column":0},"end":{"line":12,"column":26}}},"fnMap":{"0":{"name":"(anonymous_0)","decl":{"start":{"line":2,"column":4},"end":{"line":2,"column":5}},"loc":{"start":{"line":2,"column":53},"end":{"line":9,"column":5}},"line":2}},"branchMap":{"0":{"loc":{"start":{"line":2,"column":37},"end":{"line":2,"column":51}},"type":"default-arg","locations":[{"start":{"line":2,"column":47},"end":{"line":2,"column":51}}],"line":2}},"s":{"0":9,"1":9,"2":9,"3":9,"4":9,"5":2},"f":{"0":9},"b":{"0":[3]},"_coverageSchema":"1a1c01bbd47fc00a2c39e90264f33305004495a9","hash":"f9d9a3b5d78deacbaa46336bb015f071bb6670f1"}
,"/Users/biltek/Desktop/Me/workout-note/src/middlewares/auth.js": {"path":"/Users/biltek/Desktop/Me/workout-note/src/middlewares/auth.js","statementMap":{"0":{"start":{"line":1,"column":12},"end":{"line":1,"column":35}},"1":{"start":{"line":2,"column":13},"end":{"line":2,"column":36}},"2":{"start":{"line":3,"column":17},"end":{"line":3,"column":46}},"3":{"start":{"line":5,"column":0},"end":{"line":41,"column":2}},"4":{"start":{"line":6,"column":2},"end":{"line":40,"column":3}},"5":{"start":{"line":7,"column":23},"end":{"line":7,"column":48}},"6":{"start":{"line":9,"column":4},"end":{"line":11,"column":5}},"7":{"start":{"line":10,"column":6},"end":{"line":10,"column":46}},"8":{"start":{"line":13,"column":18},"end":{"line":13,"column":42}},"9":{"start":{"line":16,"column":4},"end":{"line":20,"column":5}},"10":{"start":{"line":17,"column":6},"end":{"line":17,"column":58}},"11":{"start":{"line":19,"column":6},"end":{"line":19,"column":58}},"12":{"start":{"line":22,"column":19},"end":{"line":22,"column":30}},"13":{"start":{"line":24,"column":23},"end":{"line":27,"column":5}},"14":{"start":{"line":29,"column":4},"end":{"line":31,"column":5}},"15":{"start":{"line":30,"column":6},"end":{"line":30,"column":46}},"16":{"start":{"line":33,"column":4},"end":{"line":35,"column":6}},"17":{"start":{"line":37,"column":4},"end":{"line":37,"column":11}},"18":{"start":{"line":39,"column":4},"end":{"line":39,"column":14}}},"fnMap":{"0":{"name":"(anonymous_0)","decl":{"start":{"line":5,"column":17},"end":{"line":5,"column":18}},"loc":{"start":{"line":5,"column":43},"end":{"line":41,"column":1}},"line":5}},"branchMap":{"0":{"loc":{"start":{"line":9,"column":4},"end":{"line":11,"column":5}},"type":"if","locations":[{"start":{"line":9,"column":4},"end":{"line":11,"column":5}},{"start":{},"end":{}}],"line":9},"1":{"loc":{"start":{"line":9,"column":8},"end":{"line":9,"column":56}},"type":"binary-expr","locations":[{"start":{"line":9,"column":8},"end":{"line":9,"column":19}},{"start":{"line":9,"column":23},"end":{"line":9,"column":56}}],"line":9},"2":{"loc":{"start":{"line":29,"column":4},"end":{"line":31,"column":5}},"type":"if","locations":[{"start":{"line":29,"column":4},"end":{"line":31,"column":5}},{"start":{},"end":{}}],"line":29}},"s":{"0":1,"1":1,"2":1,"3":1,"4":0,"5":0,"6":0,"7":0,"8":0,"9":0,"10":0,"11":0,"12":0,"13":0,"14":0,"15":0,"16":0,"17":0,"18":0},"f":{"0":0},"b":{"0":[0,0],"1":[0,0],"2":[0,0]},"_coverageSchema":"1a1c01bbd47fc00a2c39e90264f33305004495a9","hash":"5a912b318378e448c86d5342de7a19ad9a53968e"}
,"/Users/biltek/Desktop/Me/workout-note/src/middlewares/error.js": {"path":"/Users/biltek/Desktop/Me/workout-note/src/middlewares/error.js","statementMap":{"0":{"start":{"line":1,"column":11},"end":{"line":1,"column":24}},"1":{"start":{"line":2,"column":13},"end":{"line":2,"column":28}},"2":{"start":{"line":4,"column":0},"end":{"line":48,"column":2}},"3":{"start":{"line":5,"column":17},"end":{"line":5,"column":38}},"4":{"start":{"line":9,"column":19},"end":{"line":9,"column":39}},"5":{"start":{"line":11,"column":2},"end":{"line":26,"column":3}},"6":{"start":{"line":12,"column":19},"end":{"line":12,"column":51}},"7":{"start":{"line":13,"column":20},"end":{"line":13,"column":50}},"8":{"start":{"line":15,"column":4},"end":{"line":25,"column":5}},"9":{"start":{"line":16,"column":6},"end":{"line":18,"column":7}},"10":{"start":{"line":17,"column":8},"end":{"line":17,"column":50}},"11":{"start":{"line":20,"column":22},"end":{"line":20,"column":109}},"12":{"start":{"line":22,"column":6},"end":{"line":22,"column":42}},"13":{"start":{"line":24,"column":6},"end":{"line":24,"column":46}},"14":{"start":{"line":29,"column":2},"end":{"line":29,"column":81}},"15":{"start":{"line":30,"column":2},"end":{"line":30,"column":42}},"16":{"start":{"line":30,"column":17},"end":{"line":30,"column":42}},"17":{"start":{"line":32,"column":2},"end":{"line":43,"column":3}},"18":{"start":{"line":33,"column":21},"end":{"line":35,"column":5}},"19":{"start":{"line":38,"column":4},"end":{"line":40,"column":5}},"20":{"start":{"line":39,"column":6},"end":{"line":39,"column":37}},"21":{"start":{"line":42,"column":4},"end":{"line":42,"column":45}},"22":{"start":{"line":45,"column":2},"end":{"line":47,"column":5}}},"fnMap":{"0":{"name":"(anonymous_0)","decl":{"start":{"line":4,"column":17},"end":{"line":4,"column":18}},"loc":{"start":{"line":4,"column":42},"end":{"line":48,"column":1}},"line":4}},"branchMap":{"0":{"loc":{"start":{"line":5,"column":17},"end":{"line":5,"column":38}},"type":"binary-expr","locations":[{"start":{"line":5,"column":17},"end":{"line":5,"column":31}},{"start":{"line":5,"column":35},"end":{"line":5,"column":38}}],"line":5},"1":{"loc":{"start":{"line":11,"column":2},"end":{"line":26,"column":3}},"type":"if","locations":[{"start":{"line":11,"column":2},"end":{"line":26,"column":3}},{"start":{},"end":{}}],"line":11},"2":{"loc":{"start":{"line":16,"column":6},"end":{"line":18,"column":7}},"type":"if","locations":[{"start":{"line":16,"column":6},"end":{"line":18,"column":7}},{"start":{},"end":{}}],"line":16},"3":{"loc":{"start":{"line":30,"column":2},"end":{"line":30,"column":42}},"type":"if","locations":[{"start":{"line":30,"column":2},"end":{"line":30,"column":42}},{"start":{},"end":{}}],"line":30},"4":{"loc":{"start":{"line":32,"column":2},"end":{"line":43,"column":3}},"type":"if","locations":[{"start":{"line":32,"column":2},"end":{"line":43,"column":3}},{"start":{},"end":{}}],"line":32},"5":{"loc":{"start":{"line":38,"column":4},"end":{"line":40,"column":5}},"type":"if","locations":[{"start":{"line":38,"column":4},"end":{"line":40,"column":5}},{"start":{},"end":{}}],"line":38}},"s":{"0":1,"1":1,"2":1,"3":7,"4":7,"5":7,"6":7,"7":7,"8":7,"9":7,"10":0,"11":7,"12":7,"13":0,"14":7,"15":7,"16":7,"17":7,"18":7,"19":7,"20":4,"21":7,"22":0},"f":{"0":7},"b":{"0":[7,0],"1":[7,0],"2":[0,7],"3":[7,0],"4":[7,0],"5":[4,3]},"_coverageSchema":"1a1c01bbd47fc00a2c39e90264f33305004495a9","hash":"db82577fb8a0be81177fd672a4255b742ddb4203"}
,"/Users/biltek/Desktop/Me/workout-note/src/middlewares/errorHandler.js": {"path":"/Users/biltek/Desktop/Me/workout-note/src/middlewares/errorHandler.js","statementMap":{"0":{"start":{"line":1,"column":17},"end":{"line":1,"column":46}},"1":{"start":{"line":2,"column":0},"end":{"line":18,"column":2}},"2":{"start":{"line":3,"column":21},"end":{"line":3,"column":42}},"3":{"start":{"line":6,"column":2},"end":{"line":10,"column":3}},"4":{"start":{"line":7,"column":4},"end":{"line":9,"column":7}},"5":{"start":{"line":13,"column":2},"end":{"line":13,"column":42}},"6":{"start":{"line":15,"column":2},"end":{"line":17,"column":5}}},"fnMap":{"0":{"name":"(anonymous_0)","decl":{"start":{"line":2,"column":17},"end":{"line":2,"column":18}},"loc":{"start":{"line":2,"column":42},"end":{"line":18,"column":1}},"line":2}},"branchMap":{"0":{"loc":{"start":{"line":3,"column":21},"end":{"line":3,"column":42}},"type":"binary-expr","locations":[{"start":{"line":3,"column":21},"end":{"line":3,"column":35}},{"start":{"line":3,"column":39},"end":{"line":3,"column":42}}],"line":3},"1":{"loc":{"start":{"line":6,"column":2},"end":{"line":10,"column":3}},"type":"if","locations":[{"start":{"line":6,"column":2},"end":{"line":10,"column":3}},{"start":{},"end":{}}],"line":6}},"s":{"0":0,"1":0,"2":0,"3":0,"4":0,"5":0,"6":0},"f":{"0":0},"b":{"0":[0,0],"1":[0,0]}}
,"/Users/biltek/Desktop/Me/workout-note/src/middlewares/logger.js": {"path":"/Users/biltek/Desktop/Me/workout-note/src/middlewares/logger.js","statementMap":{"0":{"start":{"line":1,"column":0},"end":{"line":4,"column":1}},"1":{"start":{"line":2,"column":4},"end":{"line":2,"column":44}},"2":{"start":{"line":3,"column":4},"end":{"line":3,"column":11}}},"fnMap":{"0":{"name":"(anonymous_0)","decl":{"start":{"line":1,"column":17},"end":{"line":1,"column":18}},"loc":{"start":{"line":1,"column":37},"end":{"line":4,"column":1}},"line":1}},"branchMap":{},"s":{"0":1,"1":14,"2":14},"f":{"0":14},"b":{},"_coverageSchema":"1a1c01bbd47fc00a2c39e90264f33305004495a9","hash":"1378d4debf6012c034dfe06ef3753218afddb3ea"}
,"/Users/biltek/Desktop/Me/workout-note/src/middlewares/rateLimiter.js": {"path":"/Users/biltek/Desktop/Me/workout-note/src/middlewares/rateLimiter.js","statementMap":{"0":{"start":{"line":1,"column":18},"end":{"line":1,"column":47}},"1":{"start":{"line":4,"column":18},"end":{"line":4,"column":93}},"2":{"start":{"line":7,"column":20},"end":{"line":7,"column":46}},"3":{"start":{"line":7,"column":40},"end":{"line":7,"column":46}},"4":{"start":{"line":13,"column":21},"end":{"line":20,"column":2}},"5":{"start":{"line":26,"column":24},"end":{"line":32,"column":2}},"6":{"start":{"line":38,"column":24},"end":{"line":44,"column":2}},"7":{"start":{"line":50,"column":19},"end":{"line":57,"column":2}},"8":{"start":{"line":59,"column":0},"end":{"line":64,"column":2}}},"fnMap":{"0":{"name":"(anonymous_0)","decl":{"start":{"line":7,"column":20},"end":{"line":7,"column":21}},"loc":{"start":{"line":7,"column":40},"end":{"line":7,"column":46}},"line":7}},"branchMap":{"0":{"loc":{"start":{"line":4,"column":18},"end":{"line":4,"column":93}},"type":"binary-expr","locations":[{"start":{"line":4,"column":18},"end":{"line":4,"column":49}},{"start":{"line":4,"column":53},"end":{"line":4,"column":93}}],"line":4},"1":{"loc":{"start":{"line":13,"column":21},"end":{"line":20,"column":2}},"type":"cond-expr","locations":[{"start":{"line":13,"column":33},"end":{"line":13,"column":44}},{"start":{"line":13,"column":47},"end":{"line":20,"column":2}}],"line":13},"2":{"loc":{"start":{"line":26,"column":24},"end":{"line":32,"column":2}},"type":"cond-expr","locations":[{"start":{"line":26,"column":36},"end":{"line":26,"column":47}},{"start":{"line":26,"column":50},"end":{"line":32,"column":2}}],"line":26},"3":{"loc":{"start":{"line":38,"column":24},"end":{"line":44,"column":2}},"type":"cond-expr","locations":[{"start":{"line":38,"column":36},"end":{"line":38,"column":47}},{"start":{"line":38,"column":50},"end":{"line":44,"column":2}}],"line":38},"4":{"loc":{"start":{"line":50,"column":19},"end":{"line":57,"column":2}},"type":"cond-expr","locations":[{"start":{"line":50,"column":31},"end":{"line":50,"column":42}},{"start":{"line":50,"column":45},"end":{"line":57,"column":2}}],"line":50}},"s":{"0":1,"1":1,"2":1,"3":14,"4":1,"5":1,"6":1,"7":1,"8":1},"f":{"0":14},"b":{"0":[1,0],"1":[1,0],"2":[1,0],"3":[1,0],"4":[1,0]},"_coverageSchema":"1a1c01bbd47fc00a2c39e90264f33305004495a9","hash":"2d73b455e4edbfb5e06a473aad75c5d163b1320d"}
,"/Users/biltek/Desktop/Me/workout-note/src/middlewares/validation.js": {"path":"/Users/biltek/Desktop/Me/workout-note/src/middlewares/validation.js","statementMap":{"0":{"start":{"line":1,"column":29},"end":{"line":1,"column":57}},"1":{"start":{"line":2,"column":17},"end":{"line":2,"column":46}},"2":{"start":{"line":8,"column":24},"end":{"line":26,"column":1}},"3":{"start":{"line":9,"column":17},"end":{"line":9,"column":38}},"4":{"start":{"line":11,"column":2},"end":{"line":23,"column":3}},"5":{"start":{"line":12,"column":26},"end":{"line":16,"column":7}},"6":{"start":{"line":12,"column":53},"end":{"line":16,"column":5}},"7":{"start":{"line":18,"column":4},"end":{"line":22,"column":6}},"8":{"start":{"line":25,"column":2},"end":{"line":25,"column":9}},"9":{"start":{"line":28,"column":0},"end":{"line":28,"column":37}}},"fnMap":{"0":{"name":"(anonymous_0)","decl":{"start":{"line":8,"column":24},"end":{"line":8,"column":25}},"loc":{"start":{"line":8,"column":44},"end":{"line":26,"column":1}},"line":8},"1":{"name":"(anonymous_1)","decl":{"start":{"line":12,"column":45},"end":{"line":12,"column":46}},"loc":{"start":{"line":12,"column":53},"end":{"line":16,"column":5}},"line":12}},"branchMap":{"0":{"loc":{"start":{"line":11,"column":2},"end":{"line":23,"column":3}},"type":"if","locations":[{"start":{"line":11,"column":2},"end":{"line":23,"column":3}},{"start":{},"end":{}}],"line":11}},"s":{"0":2,"1":2,"2":2,"3":17,"4":17,"5":6,"6":8,"7":6,"8":11,"9":2},"f":{"0":17,"1":8},"b":{"0":[6,11]},"_coverageSchema":"1a1c01bbd47fc00a2c39e90264f33305004495a9","hash":"3d46df2b73a5f8d2abfcc82c78afa39c5f0bb109"}
,"/Users/biltek/Desktop/Me/workout-note/src/middlewares/validators.js": {"path":"/Users/biltek/Desktop/Me/workout-note/src/middlewares/validators.js","statementMap":{"0":{"start":{"line":1,"column":17},"end":{"line":1,"column":45}},"1":{"start":{"line":7,"column":27},"end":{"line":31,"column":1}},"2":{"start":{"line":36,"column":24},"end":{"line":46,"column":1}},"3":{"start":{"line":51,"column":32},"end":{"line":61,"column":1}},"4":{"start":{"line":66,"column":33},"end":{"line":78,"column":1}},"5":{"start":{"line":76,"column":32},"end":{"line":76,"column":66}},"6":{"start":{"line":80,"column":0},"end":{"line":85,"column":2}}},"fnMap":{"0":{"name":"(anonymous_0)","decl":{"start":{"line":76,"column":12},"end":{"line":76,"column":13}},"loc":{"start":{"line":76,"column":32},"end":{"line":76,"column":66}},"line":76}},"branchMap":{},"s":{"0":1,"1":1,"2":1,"3":1,"4":1,"5":0,"6":1},"f":{"0":0},"b":{},"_coverageSchema":"1a1c01bbd47fc00a2c39e90264f33305004495a9","hash":"5eeb5bb26fd00a14bb1c7eb46d37dcc4d513c89d"}
,"/Users/biltek/Desktop/Me/workout-note/src/repositories/auth.repository.js": {"path":"/Users/biltek/Desktop/Me/workout-note/src/repositories/auth.repository.js","statementMap":{"0":{"start":{"line":1,"column":13},"end":{"line":1,"column":36}},"1":{"start":{"line":3,"column":17},"end":{"line":12,"column":1}},"2":{"start":{"line":4,"column":19},"end":{"line":10,"column":5}},"3":{"start":{"line":11,"column":4},"end":{"line":11,"column":23}},"4":{"start":{"line":14,"column":18},"end":{"line":24,"column":1}},"5":{"start":{"line":15,"column":19},"end":{"line":22,"column":5}},"6":{"start":{"line":23,"column":4},"end":{"line":23,"column":26}},"7":{"start":{"line":26,"column":23},"end":{"line":36,"column":1}},"8":{"start":{"line":27,"column":19},"end":{"line":34,"column":5}},"9":{"start":{"line":35,"column":4},"end":{"line":35,"column":26}},"10":{"start":{"line":38,"column":25},"end":{"line":47,"column":1}},"11":{"start":{"line":39,"column":19},"end":{"line":45,"column":5}},"12":{"start":{"line":46,"column":4},"end":{"line":46,"column":26}},"13":{"start":{"line":49,"column":25},"end":{"line":58,"column":1}},"14":{"start":{"line":50,"column":19},"end":{"line":56,"column":5}},"15":{"start":{"line":57,"column":4},"end":{"line":57,"column":26}},"16":{"start":{"line":60,"column":27},"end":{"line":68,"column":1}},"17":{"start":{"line":61,"column":4},"end":{"line":67,"column":6}},"18":{"start":{"line":70,"column":22},"end":{"line":80,"column":1}},"19":{"start":{"line":71,"column":19},"end":{"line":78,"column":5}},"20":{"start":{"line":79,"column":4},"end":{"line":79,"column":26}},"21":{"start":{"line":82,"column":23},"end":{"line":90,"column":1}},"22":{"start":{"line":83,"column":4},"end":{"line":89,"column":6}},"23":{"start":{"line":92,"column":20},"end":{"line":102,"column":1}},"24":{"start":{"line":93,"column":19},"end":{"line":100,"column":5}},"25":{"start":{"line":101,"column":4},"end":{"line":101,"column":26}},"26":{"start":{"line":104,"column":0},"end":{"line":104,"column":157}}},"fnMap":{"0":{"name":"(anonymous_0)","decl":{"start":{"line":3,"column":17},"end":{"line":3,"column":18}},"loc":{"start":{"line":3,"column":60},"end":{"line":12,"column":1}},"line":3},"1":{"name":"(anonymous_1)","decl":{"start":{"line":14,"column":18},"end":{"line":14,"column":19}},"loc":{"start":{"line":14,"column":35},"end":{"line":24,"column":1}},"line":14},"2":{"name":"(anonymous_2)","decl":{"start":{"line":26,"column":23},"end":{"line":26,"column":24}},"loc":{"start":{"line":26,"column":40},"end":{"line":36,"column":1}},"line":26},"3":{"name":"(anonymous_3)","decl":{"start":{"line":38,"column":25},"end":{"line":38,"column":26}},"loc":{"start":{"line":38,"column":68},"end":{"line":47,"column":1}},"line":38},"4":{"name":"(anonymous_4)","decl":{"start":{"line":49,"column":25},"end":{"line":49,"column":26}},"loc":{"start":{"line":49,"column":49},"end":{"line":58,"column":1}},"line":49},"5":{"name":"(anonymous_5)","decl":{"start":{"line":60,"column":27},"end":{"line":60,"column":28}},"loc":{"start":{"line":60,"column":44},"end":{"line":68,"column":1}},"line":60},"6":{"name":"(anonymous_6)","decl":{"start":{"line":70,"column":22},"end":{"line":70,"column":23}},"loc":{"start":{"line":70,"column":46},"end":{"line":80,"column":1}},"line":70},"7":{"name":"(anonymous_7)","decl":{"start":{"line":82,"column":23},"end":{"line":82,"column":24}},"loc":{"start":{"line":82,"column":57},"end":{"line":90,"column":1}},"line":82},"8":{"name":"(anonymous_8)","decl":{"start":{"line":92,"column":20},"end":{"line":92,"column":21}},"loc":{"start":{"line":92,"column":38},"end":{"line":102,"column":1}},"line":92}},"branchMap":{},"s":{"0":1,"1":1,"2":6,"3":6,"4":1,"5":7,"6":7,"7":1,"8":3,"9":3,"10":1,"11":1,"12":1,"13":1,"14":0,"15":0,"16":1,"17":0,"18":1,"19":0,"20":0,"21":1,"22":0,"23":1,"24":0,"25":0,"26":1},"f":{"0":6,"1":7,"2":3,"3":1,"4":0,"5":0,"6":0,"7":0,"8":0},"b":{},"_coverageSchema":"1a1c01bbd47fc00a2c39e90264f33305004495a9","hash":"385fdaf874f9452c46f8b841a2d66ca7e5569cc3"}
,"/Users/biltek/Desktop/Me/workout-note/src/repositories/exercise.repository.js": {"path":"/Users/biltek/Desktop/Me/workout-note/src/repositories/exercise.repository.js","statementMap":{"0":{"start":{"line":1,"column":13},"end":{"line":1,"column":36}},"1":{"start":{"line":3,"column":15},"end":{"line":16,"column":1}},"2":{"start":{"line":5,"column":24},"end":{"line":5,"column":124}},"3":{"start":{"line":6,"column":22},"end":{"line":6,"column":62}},"4":{"start":{"line":8,"column":19},"end":{"line":14,"column":5}},"5":{"start":{"line":15,"column":4},"end":{"line":15,"column":26}},"6":{"start":{"line":18,"column":25},"end":{"line":28,"column":1}},"7":{"start":{"line":19,"column":19},"end":{"line":26,"column":5}},"8":{"start":{"line":27,"column":4},"end":{"line":27,"column":23}},"9":{"start":{"line":30,"column":24},"end":{"line":41,"column":1}},"10":{"start":{"line":31,"column":19},"end":{"line":39,"column":5}},"11":{"start":{"line":40,"column":4},"end":{"line":40,"column":23}},"12":{"start":{"line":43,"column":20},"end":{"line":53,"column":1}},"13":{"start":{"line":44,"column":19},"end":{"line":51,"column":5}},"14":{"start":{"line":52,"column":4},"end":{"line":52,"column":31}},"15":{"start":{"line":55,"column":15},"end":{"line":67,"column":1}},"16":{"start":{"line":56,"column":19},"end":{"line":65,"column":5}},"17":{"start":{"line":66,"column":4},"end":{"line":66,"column":26}},"18":{"start":{"line":69,"column":15},"end":{"line":82,"column":1}},"19":{"start":{"line":74,"column":19},"end":{"line":80,"column":5}},"20":{"start":{"line":81,"column":4},"end":{"line":81,"column":31}},"21":{"start":{"line":84,"column":20},"end":{"line":103,"column":1}},"22":{"start":{"line":87,"column":19},"end":{"line":87,"column":39}},"23":{"start":{"line":88,"column":4},"end":{"line":102,"column":5}},"24":{"start":{"line":89,"column":8},"end":{"line":89,"column":36}},"25":{"start":{"line":90,"column":8},"end":{"line":95,"column":9}},"26":{"start":{"line":91,"column":12},"end":{"line":94,"column":14}},"27":{"start":{"line":96,"column":8},"end":{"line":96,"column":37}},"28":{"start":{"line":98,"column":8},"end":{"line":98,"column":39}},"29":{"start":{"line":99,"column":8},"end":{"line":99,"column":16}},"30":{"start":{"line":101,"column":8},"end":{"line":101,"column":25}},"31":{"start":{"line":105,"column":20},"end":{"line":131,"column":1}},"32":{"start":{"line":106,"column":4},"end":{"line":106,"column":53}},"33":{"start":{"line":106,"column":46},"end":{"line":106,"column":53}},"34":{"start":{"line":111,"column":19},"end":{"line":111,"column":21}},"35":{"start":{"line":112,"column":25},"end":{"line":121,"column":17}},"36":{"start":{"line":113,"column":23},"end":{"line":113,"column":32}},"37":{"start":{"line":115,"column":21},"end":{"line":115,"column":58}},"38":{"start":{"line":116,"column":23},"end":{"line":116,"column":64}},"39":{"start":{"line":117,"column":26},"end":{"line":117,"column":70}},"40":{"start":{"line":119,"column":8},"end":{"line":119,"column":64}},"41":{"start":{"line":120,"column":8},"end":{"line":120,"column":98}},"42":{"start":{"line":123,"column":19},"end":{"line":129,"column":5}},"43":{"start":{"line":130,"column":4},"end":{"line":130,"column":23}},"44":{"start":{"line":133,"column":0},"end":{"line":133,"column":118}}},"fnMap":{"0":{"name":"(anonymous_0)","decl":{"start":{"line":3,"column":15},"end":{"line":3,"column":16}},"loc":{"start":{"line":3,"column":90},"end":{"line":16,"column":1}},"line":3},"1":{"name":"(anonymous_1)","decl":{"start":{"line":18,"column":25},"end":{"line":18,"column":26}},"loc":{"start":{"line":18,"column":43},"end":{"line":28,"column":1}},"line":18},"2":{"name":"(anonymous_2)","decl":{"start":{"line":30,"column":24},"end":{"line":30,"column":25}},"loc":{"start":{"line":30,"column":45},"end":{"line":41,"column":1}},"line":30},"3":{"name":"(anonymous_3)","decl":{"start":{"line":43,"column":20},"end":{"line":43,"column":21}},"loc":{"start":{"line":43,"column":44},"end":{"line":53,"column":1}},"line":43},"4":{"name":"(anonymous_4)","decl":{"start":{"line":55,"column":15},"end":{"line":55,"column":16}},"loc":{"start":{"line":55,"column":95},"end":{"line":67,"column":1}},"line":55},"5":{"name":"(anonymous_5)","decl":{"start":{"line":69,"column":15},"end":{"line":69,"column":16}},"loc":{"start":{"line":69,"column":45},"end":{"line":82,"column":1}},"line":69},"6":{"name":"(anonymous_6)","decl":{"start":{"line":84,"column":20},"end":{"line":84,"column":21}},"loc":{"start":{"line":84,"column":53},"end":{"line":103,"column":1}},"line":84},"7":{"name":"(anonymous_7)","decl":{"start":{"line":105,"column":20},"end":{"line":105,"column":21}},"loc":{"start":{"line":105,"column":49},"end":{"line":131,"column":1}},"line":105},"8":{"name":"(anonymous_8)","decl":{"start":{"line":112,"column":39},"end":{"line":112,"column":40}},"loc":{"start":{"line":112,"column":54},"end":{"line":121,"column":5}},"line":112}},"branchMap":{"0":{"loc":{"start":{"line":3,"column":36},"end":{"line":3,"column":60}},"type":"default-arg","locations":[{"start":{"line":3,"column":56},"end":{"line":3,"column":60}}],"line":3},"1":{"loc":{"start":{"line":3,"column":62},"end":{"line":3,"column":85}},"type":"default-arg","locations":[{"start":{"line":3,"column":81},"end":{"line":3,"column":85}}],"line":3},"2":{"loc":{"start":{"line":6,"column":23},"end":{"line":6,"column":57}},"type":"binary-expr","locations":[{"start":{"line":6,"column":23},"end":{"line":6,"column":52}},{"start":{"line":6,"column":56},"end":{"line":6,"column":57}}],"line":6},"3":{"loc":{"start":{"line":106,"column":4},"end":{"line":106,"column":53}},"type":"if","locations":[{"start":{"line":106,"column":4},"end":{"line":106,"column":53}},{"start":{},"end":{}}],"line":106},"4":{"loc":{"start":{"line":106,"column":8},"end":{"line":106,"column":44}},"type":"binary-expr","locations":[{"start":{"line":106,"column":8},"end":{"line":106,"column":18}},{"start":{"line":106,"column":22},"end":{"line":106,"column":44}}],"line":106},"5":{"loc":{"start":{"line":115,"column":21},"end":{"line":115,"column":58}},"type":"cond-expr","locations":[{"start":{"line":115,"column":46},"end":{"line":115,"column":48}},{"start":{"line":115,"column":51},"end":{"line":115,"column":58}}],"line":115},"6":{"loc":{"start":{"line":116,"column":23},"end":{"line":116,"column":64}},"type":"cond-expr","locations":[{"start":{"line":116,"column":48},"end":{"line":116,"column":52}},{"start":{"line":116,"column":55},"end":{"line":116,"column":64}}],"line":116},"7":{"loc":{"start":{"line":117,"column":26},"end":{"line":117,"column":70}},"type":"cond-expr","locations":[{"start":{"line":117,"column":51},"end":{"line":117,"column":55}},{"start":{"line":117,"column":58},"end":{"line":117,"column":70}}],"line":117}},"s":{"0":1,"1":1,"2":0,"3":0,"4":0,"5":0,"6":1,"7":0,"8":0,"9":1,"10":0,"11":0,"12":1,"13":0,"14":0,"15":1,"16":0,"17":0,"18":1,"19":0,"20":0,"21":1,"22":0,"23":0,"24":0,"25":0,"26":0,"27":0,"28":0,"29":0,"30":0,"31":1,"32":6,"33":0,"34":6,"35":6,"36":240,"37":240,"38":240,"39":240,"40":240,"41":240,"42":6,"43":6,"44":1},"f":{"0":0,"1":0,"2":0,"3":0,"4":0,"5":0,"6":0,"7":6,"8":240},"b":{"0":[0],"1":[0],"2":[0,0],"3":[0,6],"4":[6,6],"5":[0,240],"6":[0,240],"7":[0,240]},"_coverageSchema":"1a1c01bbd47fc00a2c39e90264f33305004495a9","hash":"bb8cabb4bd2e1b5278387fc0bd44f0f1ae21dbf5"}
,"/Users/biltek/Desktop/Me/workout-note/src/repositories/routine.repository.js": {"path":"/Users/biltek/Desktop/Me/workout-note/src/repositories/routine.repository.js","statementMap":{"0":{"start":{"line":1,"column":13},"end":{"line":1,"column":36}},"1":{"start":{"line":3,"column":15},"end":{"line":12,"column":1}},"2":{"start":{"line":4,"column":19},"end":{"line":10,"column":5}},"3":{"start":{"line":11,"column":4},"end":{"line":11,"column":26}},"4":{"start":{"line":14,"column":20},"end":{"line":23,"column":1}},"5":{"start":{"line":15,"column":19},"end":{"line":21,"column":5}},"6":{"start":{"line":22,"column":4},"end":{"line":22,"column":26}},"7":{"start":{"line":25,"column":22},"end":{"line":45,"column":1}},"8":{"start":{"line":26,"column":19},"end":{"line":43,"column":5}},"9":{"start":{"line":44,"column":4},"end":{"line":44,"column":23}},"10":{"start":{"line":47,"column":17},"end":{"line":66,"column":1}},"11":{"start":{"line":48,"column":19},"end":{"line":64,"column":5}},"12":{"start":{"line":65,"column":4},"end":{"line":65,"column":26}},"13":{"start":{"line":68,"column":15},"end":{"line":78,"column":1}},"14":{"start":{"line":70,"column":4},"end":{"line":70,"column":89}},"15":{"start":{"line":73,"column":19},"end":{"line":76,"column":5}},"16":{"start":{"line":77,"column":4},"end":{"line":77,"column":31}},"17":{"start":{"line":80,"column":15},"end":{"line":86,"column":1}},"18":{"start":{"line":81,"column":19},"end":{"line":84,"column":5}},"19":{"start":{"line":85,"column":4},"end":{"line":85,"column":26}},"20":{"start":{"line":88,"column":23},"end":{"line":90,"column":1}},"21":{"start":{"line":89,"column":4},"end":{"line":89,"column":89}},"22":{"start":{"line":92,"column":0},"end":{"line":92,"column":98}}},"fnMap":{"0":{"name":"(anonymous_0)","decl":{"start":{"line":3,"column":15},"end":{"line":3,"column":16}},"loc":{"start":{"line":3,"column":39},"end":{"line":12,"column":1}},"line":3},"1":{"name":"(anonymous_1)","decl":{"start":{"line":14,"column":20},"end":{"line":14,"column":21}},"loc":{"start":{"line":14,"column":65},"end":{"line":23,"column":1}},"line":14},"2":{"name":"(anonymous_2)","decl":{"start":{"line":25,"column":22},"end":{"line":25,"column":23}},"loc":{"start":{"line":25,"column":40},"end":{"line":45,"column":1}},"line":25},"3":{"name":"(anonymous_3)","decl":{"start":{"line":47,"column":17},"end":{"line":47,"column":18}},"loc":{"start":{"line":47,"column":38},"end":{"line":66,"column":1}},"line":47},"4":{"name":"(anonymous_4)","decl":{"start":{"line":68,"column":15},"end":{"line":68,"column":16}},"loc":{"start":{"line":68,"column":44},"end":{"line":78,"column":1}},"line":68},"5":{"name":"(anonymous_5)","decl":{"start":{"line":80,"column":15},"end":{"line":80,"column":16}},"loc":{"start":{"line":80,"column":50},"end":{"line":86,"column":1}},"line":80},"6":{"name":"(anonymous_6)","decl":{"start":{"line":88,"column":23},"end":{"line":88,"column":24}},"loc":{"start":{"line":88,"column":44},"end":{"line":90,"column":1}},"line":88}},"branchMap":{},"s":{"0":1,"1":1,"2":0,"3":0,"4":1,"5":0,"6":0,"7":1,"8":0,"9":0,"10":1,"11":0,"12":0,"13":1,"14":0,"15":0,"16":0,"17":1,"18":0,"19":0,"20":1,"21":0,"22":1},"f":{"0":0,"1":0,"2":0,"3":0,"4":0,"5":0,"6":0},"b":{},"_coverageSchema":"1a1c01bbd47fc00a2c39e90264f33305004495a9","hash":"cb8191379f1ebf5aef207831298ce8e0fd0546b5"}
,"/Users/biltek/Desktop/Me/workout-note/src/repositories/set.repository.js": {"path":"/Users/biltek/Desktop/Me/workout-note/src/repositories/set.repository.js","statementMap":{"0":{"start":{"line":1,"column":13},"end":{"line":1,"column":36}},"1":{"start":{"line":3,"column":24},"end":{"line":13,"column":1}},"2":{"start":{"line":4,"column":19},"end":{"line":11,"column":5}},"3":{"start":{"line":12,"column":4},"end":{"line":12,"column":23}},"4":{"start":{"line":15,"column":26},"end":{"line":17,"column":1}},"5":{"start":{"line":16,"column":4},"end":{"line":16,"column":76}},"6":{"start":{"line":19,"column":15},"end":{"line":28,"column":1}},"7":{"start":{"line":20,"column":19},"end":{"line":26,"column":5}},"8":{"start":{"line":27,"column":4},"end":{"line":27,"column":26}},"9":{"start":{"line":30,"column":0},"end":{"line":30,"column":64}}},"fnMap":{"0":{"name":"(anonymous_0)","decl":{"start":{"line":3,"column":24},"end":{"line":3,"column":25}},"loc":{"start":{"line":3,"column":45},"end":{"line":13,"column":1}},"line":3},"1":{"name":"(anonymous_1)","decl":{"start":{"line":15,"column":26},"end":{"line":15,"column":27}},"loc":{"start":{"line":15,"column":47},"end":{"line":17,"column":1}},"line":15},"2":{"name":"(anonymous_2)","decl":{"start":{"line":19,"column":15},"end":{"line":19,"column":16}},"loc":{"start":{"line":19,"column":104},"end":{"line":28,"column":1}},"line":19}},"branchMap":{"0":{"loc":{"start":{"line":25,"column":74},"end":{"line":25,"column":93}},"type":"binary-expr","locations":[{"start":{"line":25,"column":74},"end":{"line":25,"column":85}},{"start":{"line":25,"column":89},"end":{"line":25,"column":93}}],"line":25}},"s":{"0":1,"1":1,"2":0,"3":0,"4":1,"5":0,"6":1,"7":0,"8":0,"9":1},"f":{"0":0,"1":0,"2":0},"b":{"0":[0,0]},"_coverageSchema":"1a1c01bbd47fc00a2c39e90264f33305004495a9","hash":"d166343091a616e511a4cbd64a4d1bb2964700ac"}
,"/Users/biltek/Desktop/Me/workout-note/src/repositories/workout.repository.js": {"path":"/Users/biltek/Desktop/Me/workout-note/src/repositories/workout.repository.js","statementMap":{"0":{"start":{"line":1,"column":13},"end":{"line":1,"column":36}},"1":{"start":{"line":3,"column":15},"end":{"line":12,"column":1}},"2":{"start":{"line":4,"column":19},"end":{"line":10,"column":5}},"3":{"start":{"line":11,"column":4},"end":{"line":11,"column":26}},"4":{"start":{"line":14,"column":24},"end":{"line":23,"column":1}},"5":{"start":{"line":15,"column":19},"end":{"line":21,"column":5}},"6":{"start":{"line":22,"column":4},"end":{"line":22,"column":34}},"7":{"start":{"line":25,"column":28},"end":{"line":35,"column":1}},"8":{"start":{"line":26,"column":19},"end":{"line":33,"column":5}},"9":{"start":{"line":34,"column":4},"end":{"line":34,"column":31}},"10":{"start":{"line":38,"column":22},"end":{"line":50,"column":1}},"11":{"start":{"line":39,"column":19},"end":{"line":48,"column":5}},"12":{"start":{"line":49,"column":4},"end":{"line":49,"column":23}},"13":{"start":{"line":52,"column":22},"end":{"line":62,"column":1}},"14":{"start":{"line":55,"column":4},"end":{"line":55,"column":76}},"15":{"start":{"line":57,"column":19},"end":{"line":60,"column":5}},"16":{"start":{"line":61,"column":4},"end":{"line":61,"column":31}},"17":{"start":{"line":64,"column":15},"end":{"line":74,"column":1}},"18":{"start":{"line":65,"column":19},"end":{"line":72,"column":5}},"19":{"start":{"line":73,"column":4},"end":{"line":73,"column":26}},"20":{"start":{"line":76,"column":0},"end":{"line":76,"column":103}}},"fnMap":{"0":{"name":"(anonymous_0)","decl":{"start":{"line":3,"column":15},"end":{"line":3,"column":16}},"loc":{"start":{"line":3,"column":57},"end":{"line":12,"column":1}},"line":3},"1":{"name":"(anonymous_1)","decl":{"start":{"line":14,"column":24},"end":{"line":14,"column":25}},"loc":{"start":{"line":14,"column":53},"end":{"line":23,"column":1}},"line":14},"2":{"name":"(anonymous_2)","decl":{"start":{"line":25,"column":28},"end":{"line":25,"column":29}},"loc":{"start":{"line":25,"column":60},"end":{"line":35,"column":1}},"line":25},"3":{"name":"(anonymous_3)","decl":{"start":{"line":38,"column":22},"end":{"line":38,"column":23}},"loc":{"start":{"line":38,"column":40},"end":{"line":50,"column":1}},"line":38},"4":{"name":"(anonymous_4)","decl":{"start":{"line":52,"column":22},"end":{"line":52,"column":23}},"loc":{"start":{"line":52,"column":51},"end":{"line":62,"column":1}},"line":52},"5":{"name":"(anonymous_5)","decl":{"start":{"line":64,"column":15},"end":{"line":64,"column":16}},"loc":{"start":{"line":64,"column":68},"end":{"line":74,"column":1}},"line":64}},"branchMap":{"0":{"loc":{"start":{"line":22,"column":11},"end":{"line":22,"column":33}},"type":"binary-expr","locations":[{"start":{"line":22,"column":11},"end":{"line":22,"column":25}},{"start":{"line":22,"column":29},"end":{"line":22,"column":33}}],"line":22}},"s":{"0":1,"1":1,"2":0,"3":0,"4":1,"5":0,"6":0,"7":1,"8":0,"9":0,"10":1,"11":0,"12":0,"13":1,"14":0,"15":0,"16":0,"17":1,"18":0,"19":0,"20":1},"f":{"0":0,"1":0,"2":0,"3":0,"4":0,"5":0},"b":{"0":[0,0]},"_coverageSchema":"1a1c01bbd47fc00a2c39e90264f33305004495a9","hash":"b6119df873e53c6d8be3847bbd7477f7689ea0b2"}
,"/Users/biltek/Desktop/Me/workout-note/src/routes/auth.route.js": {"path":"/Users/biltek/Desktop/Me/workout-note/src/routes/auth.route.js","statementMap":{"0":{"start":{"line":1,"column":16},"end":{"line":1,"column":34}},"1":{"start":{"line":2,"column":15},"end":{"line":2,"column":31}},"2":{"start":{"line":3,"column":23},"end":{"line":3,"column":64}},"3":{"start":{"line":4,"column":23},"end":{"line":4,"column":53}},"4":{"start":{"line":5,"column":28},"end":{"line":5,"column":64}},"5":{"start":{"line":6,"column":59},"end":{"line":6,"column":96}},"6":{"start":{"line":12,"column":4},"end":{"line":12,"column":40}},"7":{"start":{"line":15,"column":0},"end":{"line":15,"column":104}},"8":{"start":{"line":16,"column":0},"end":{"line":16,"column":92}},"9":{"start":{"line":17,"column":0},"end":{"line":17,"column":54}},"10":{"start":{"line":18,"column":0},"end":{"line":18,"column":46}},"11":{"start":{"line":21,"column":0},"end":{"line":21,"column":111}},"12":{"start":{"line":22,"column":0},"end":{"line":22,"column":131}},"13":{"start":{"line":24,"column":0},"end":{"line":24,"column":24}}},"fnMap":{},"branchMap":{},"s":{"0":1,"1":1,"2":1,"3":1,"4":1,"5":1,"6":1,"7":1,"8":1,"9":1,"10":1,"11":1,"12":1,"13":1},"f":{},"b":{},"_coverageSchema":"1a1c01bbd47fc00a2c39e90264f33305004495a9","hash":"8da313d12069e59fe2dd2fedf7c70b2df29dcaf5"}
,"/Users/biltek/Desktop/Me/workout-note/src/routes/exercises.route.js": {"path":"/Users/biltek/Desktop/Me/workout-note/src/routes/exercises.route.js","statementMap":{"0":{"start":{"line":1,"column":16},"end":{"line":1,"column":34}},"1":{"start":{"line":2,"column":23},"end":{"line":2,"column":53}},"2":{"start":{"line":3,"column":15},"end":{"line":3,"column":31}},"3":{"start":{"line":4,"column":27},"end":{"line":4,"column":72}},"4":{"start":{"line":7,"column":0},"end":{"line":7,"column":81}},"5":{"start":{"line":8,"column":0},"end":{"line":8,"column":78}},"6":{"start":{"line":9,"column":0},"end":{"line":9,"column":84}},"7":{"start":{"line":10,"column":0},"end":{"line":10,"column":87}},"8":{"start":{"line":11,"column":0},"end":{"line":11,"column":91}},"9":{"start":{"line":13,"column":0},"end":{"line":13,"column":24}}},"fnMap":{},"branchMap":{},"s":{"0":1,"1":1,"2":1,"3":1,"4":1,"5":1,"6":1,"7":1,"8":1,"9":1},"f":{},"b":{},"_coverageSchema":"1a1c01bbd47fc00a2c39e90264f33305004495a9","hash":"ae1af50a9b635227bb90d3e5f123223d6d6d7758"}
,"/Users/biltek/Desktop/Me/workout-note/src/routes/health.route.js": {"path":"/Users/biltek/Desktop/Me/workout-note/src/routes/health.route.js","statementMap":{"0":{"start":{"line":1,"column":16},"end":{"line":1,"column":34}},"1":{"start":{"line":2,"column":15},"end":{"line":2,"column":31}},"2":{"start":{"line":3,"column":20},"end":{"line":3,"column":44}},"3":{"start":{"line":4,"column":13},"end":{"line":4,"column":36}},"4":{"start":{"line":6,"column":0},"end":{"line":8,"column":3}},"5":{"start":{"line":7,"column":2},"end":{"line":7,"column":29}},"6":{"start":{"line":10,"column":0},"end":{"line":12,"column":3}},"7":{"start":{"line":11,"column":2},"end":{"line":11,"column":33}},"8":{"start":{"line":14,"column":0},"end":{"line":16,"column":2}},"9":{"start":{"line":15,"column":2},"end":{"line":15,"column":33}},"10":{"start":{"line":17,"column":0},"end":{"line":24,"column":2}},"11":{"start":{"line":18,"column":2},"end":{"line":23,"column":3}},"12":{"start":{"line":19,"column":19},"end":{"line":19,"column":53}},"13":{"start":{"line":20,"column":4},"end":{"line":20,"column":51}},"14":{"start":{"line":22,"column":4},"end":{"line":22,"column":13}},"15":{"start":{"line":26,"column":0},"end":{"line":26,"column":24}}},"fnMap":{"0":{"name":"(anonymous_0)","decl":{"start":{"line":6,"column":26},"end":{"line":6,"column":27}},"loc":{"start":{"line":6,"column":40},"end":{"line":8,"column":1}},"line":6},"1":{"name":"(anonymous_1)","decl":{"start":{"line":10,"column":27},"end":{"line":10,"column":28}},"loc":{"start":{"line":10,"column":41},"end":{"line":12,"column":1}},"line":10},"2":{"name":"(anonymous_2)","decl":{"start":{"line":14,"column":25},"end":{"line":14,"column":26}},"loc":{"start":{"line":14,"column":45},"end":{"line":16,"column":1}},"line":14},"3":{"name":"(anonymous_3)","decl":{"start":{"line":17,"column":29},"end":{"line":17,"column":30}},"loc":{"start":{"line":17,"column":55},"end":{"line":24,"column":1}},"line":17}},"branchMap":{},"s":{"0":1,"1":1,"2":1,"3":1,"4":1,"5":0,"6":1,"7":0,"8":1,"9":0,"10":1,"11":0,"12":0,"13":0,"14":0,"15":1},"f":{"0":0,"1":0,"2":0,"3":0},"b":{},"_coverageSchema":"1a1c01bbd47fc00a2c39e90264f33305004495a9","hash":"eec1f0d018cb87db018baffdd4405bb074f32f07"}
,"/Users/biltek/Desktop/Me/workout-note/src/routes/routines.route.js": {"path":"/Users/biltek/Desktop/Me/workout-note/src/routes/routines.route.js","statementMap":{"0":{"start":{"line":1,"column":16},"end":{"line":1,"column":34}},"1":{"start":{"line":2,"column":15},"end":{"line":2,"column":31}},"2":{"start":{"line":3,"column":26},"end":{"line":3,"column":70}},"3":{"start":{"line":4,"column":23},"end":{"line":4,"column":53}},"4":{"start":{"line":6,"column":0},"end":{"line":6,"column":27}},"5":{"start":{"line":8,"column":0},"end":{"line":8,"column":55}},"6":{"start":{"line":9,"column":0},"end":{"line":9,"column":54}},"7":{"start":{"line":10,"column":0},"end":{"line":10,"column":58}},"8":{"start":{"line":11,"column":0},"end":{"line":11,"column":68}},"9":{"start":{"line":12,"column":0},"end":{"line":12,"column":65}},"10":{"start":{"line":14,"column":0},"end":{"line":14,"column":24}}},"fnMap":{},"branchMap":{},"s":{"0":1,"1":1,"2":1,"3":1,"4":1,"5":1,"6":1,"7":1,"8":1,"9":1,"10":1},"f":{},"b":{},"_coverageSchema":"1a1c01bbd47fc00a2c39e90264f33305004495a9","hash":"834525a1113aab41e1b058195b8ea7fea7f5cdde"}
,"/Users/biltek/Desktop/Me/workout-note/src/routes/sets.route.js": {"path":"/Users/biltek/Desktop/Me/workout-note/src/routes/sets.route.js","statementMap":{"0":{"start":{"line":1,"column":16},"end":{"line":1,"column":34}},"1":{"start":{"line":2,"column":15},"end":{"line":2,"column":31}},"2":{"start":{"line":3,"column":13},"end":{"line":3,"column":36}},"3":{"start":{"line":4,"column":17},"end":{"line":4,"column":46}},"4":{"start":{"line":6,"column":0},"end":{"line":55,"column":2}},"5":{"start":{"line":7,"column":4},"end":{"line":54,"column":5}},"6":{"start":{"line":8,"column":70},"end":{"line":8,"column":78}},"7":{"start":{"line":9,"column":8},"end":{"line":11,"column":9}},"8":{"start":{"line":10,"column":12},"end":{"line":10,"column":56}},"9":{"start":{"line":12,"column":8},"end":{"line":14,"column":9}},"10":{"start":{"line":13,"column":12},"end":{"line":13,"column":60}},"11":{"start":{"line":15,"column":8},"end":{"line":17,"column":9}},"12":{"start":{"line":16,"column":12},"end":{"line":16,"column":59}},"13":{"start":{"line":18,"column":8},"end":{"line":20,"column":9}},"14":{"start":{"line":19,"column":12},"end":{"line":19,"column":62}},"15":{"start":{"line":21,"column":29},"end":{"line":27,"column":9}},"16":{"start":{"line":28,"column":8},"end":{"line":30,"column":9}},"17":{"start":{"line":29,"column":12},"end":{"line":29,"column":71}},"18":{"start":{"line":31,"column":30},"end":{"line":37,"column":9}},"19":{"start":{"line":38,"column":8},"end":{"line":40,"column":9}},"20":{"start":{"line":39,"column":12},"end":{"line":39,"column":72}},"21":{"start":{"line":42,"column":23},"end":{"line":47,"column":75}},"22":{"start":{"line":48,"column":8},"end":{"line":51,"column":10}},"23":{"start":{"line":53,"column":8},"end":{"line":53,"column":17}},"24":{"start":{"line":58,"column":0},"end":{"line":58,"column":24}}},"fnMap":{"0":{"name":"(anonymous_0)","decl":{"start":{"line":6,"column":25},"end":{"line":6,"column":26}},"loc":{"start":{"line":6,"column":51},"end":{"line":55,"column":1}},"line":6}},"branchMap":{"0":{"loc":{"start":{"line":9,"column":8},"end":{"line":11,"column":9}},"type":"if","locations":[{"start":{"line":9,"column":8},"end":{"line":11,"column":9}},{"start":{},"end":{}}],"line":9},"1":{"loc":{"start":{"line":12,"column":8},"end":{"line":14,"column":9}},"type":"if","locations":[{"start":{"line":12,"column":8},"end":{"line":14,"column":9}},{"start":{},"end":{}}],"line":12},"2":{"loc":{"start":{"line":15,"column":8},"end":{"line":17,"column":9}},"type":"if","locations":[{"start":{"line":15,"column":8},"end":{"line":17,"column":9}},{"start":{},"end":{}}],"line":15},"3":{"loc":{"start":{"line":18,"column":8},"end":{"line":20,"column":9}},"type":"if","locations":[{"start":{"line":18,"column":8},"end":{"line":20,"column":9}},{"start":{},"end":{}}],"line":18},"4":{"loc":{"start":{"line":28,"column":8},"end":{"line":30,"column":9}},"type":"if","locations":[{"start":{"line":28,"column":8},"end":{"line":30,"column":9}},{"start":{},"end":{}}],"line":28},"5":{"loc":{"start":{"line":38,"column":8},"end":{"line":40,"column":9}},"type":"if","locations":[{"start":{"line":38,"column":8},"end":{"line":40,"column":9}},{"start":{},"end":{}}],"line":38},"6":{"loc":{"start":{"line":47,"column":59},"end":{"line":47,"column":73}},"type":"binary-expr","locations":[{"start":{"line":47,"column":59},"end":{"line":47,"column":65}},{"start":{"line":47,"column":69},"end":{"line":47,"column":73}}],"line":47}},"s":{"0":1,"1":1,"2":1,"3":1,"4":1,"5":0,"6":0,"7":0,"8":0,"9":0,"10":0,"11":0,"12":0,"13":0,"14":0,"15":0,"16":0,"17":0,"18":0,"19":0,"20":0,"21":0,"22":0,"23":0,"24":1},"f":{"0":0},"b":{"0":[0,0],"1":[0,0],"2":[0,0],"3":[0,0],"4":[0,0],"5":[0,0],"6":[0,0]},"_coverageSchema":"1a1c01bbd47fc00a2c39e90264f33305004495a9","hash":"1455c1026e2232d494534ef4e70b21224fb1086c"}
,"/Users/biltek/Desktop/Me/workout-note/src/routes/views.route.js": {"path":"/Users/biltek/Desktop/Me/workout-note/src/routes/views.route.js","statementMap":{"0":{"start":{"line":1,"column":16},"end":{"line":1,"column":34}},"1":{"start":{"line":2,"column":13},"end":{"line":2,"column":28}},"2":{"start":{"line":3,"column":15},"end":{"line":3,"column":31}},"3":{"start":{"line":5,"column":19},"end":{"line":5,"column":55}},"4":{"start":{"line":7,"column":0},"end":{"line":7,"column":81}},"5":{"start":{"line":7,"column":30},"end":{"line":7,"column":79}},"6":{"start":{"line":8,"column":0},"end":{"line":8,"column":86}},"7":{"start":{"line":8,"column":35},"end":{"line":8,"column":84}},"8":{"start":{"line":9,"column":0},"end":{"line":9,"column":92}},"9":{"start":{"line":9,"column":38},"end":{"line":9,"column":90}},"10":{"start":{"line":10,"column":0},"end":{"line":10,"column":94}},"11":{"start":{"line":10,"column":39},"end":{"line":10,"column":92}},"12":{"start":{"line":11,"column":0},"end":{"line":11,"column":98}},"13":{"start":{"line":11,"column":41},"end":{"line":11,"column":96}},"14":{"start":{"line":13,"column":0},"end":{"line":13,"column":24}}},"fnMap":{"0":{"name":"(anonymous_0)","decl":{"start":{"line":7,"column":16},"end":{"line":7,"column":17}},"loc":{"start":{"line":7,"column":30},"end":{"line":7,"column":79}},"line":7},"1":{"name":"(anonymous_1)","decl":{"start":{"line":8,"column":21},"end":{"line":8,"column":22}},"loc":{"start":{"line":8,"column":35},"end":{"line":8,"column":84}},"line":8},"2":{"name":"(anonymous_2)","decl":{"start":{"line":9,"column":24},"end":{"line":9,"column":25}},"loc":{"start":{"line":9,"column":38},"end":{"line":9,"column":90}},"line":9},"3":{"name":"(anonymous_3)","decl":{"start":{"line":10,"column":25},"end":{"line":10,"column":26}},"loc":{"start":{"line":10,"column":39},"end":{"line":10,"column":92}},"line":10},"4":{"name":"(anonymous_4)","decl":{"start":{"line":11,"column":27},"end":{"line":11,"column":28}},"loc":{"start":{"line":11,"column":41},"end":{"line":11,"column":96}},"line":11}},"branchMap":{},"s":{"0":1,"1":1,"2":1,"3":1,"4":1,"5":0,"6":1,"7":0,"8":1,"9":0,"10":1,"11":0,"12":1,"13":0,"14":1},"f":{"0":0,"1":0,"2":0,"3":0,"4":0},"b":{},"_coverageSchema":"1a1c01bbd47fc00a2c39e90264f33305004495a9","hash":"5428bbe8c3d7d2efb428f1b42a057ae70bd35625"}
,"/Users/biltek/Desktop/Me/workout-note/src/routes/workouts.route.js": {"path":"/Users/biltek/Desktop/Me/workout-note/src/routes/workouts.route.js","statementMap":{"0":{"start":{"line":1,"column":16},"end":{"line":1,"column":34}},"1":{"start":{"line":2,"column":15},"end":{"line":2,"column":31}},"2":{"start":{"line":3,"column":23},"end":{"line":3,"column":53}},"3":{"start":{"line":4,"column":26},"end":{"line":4,"column":71}},"4":{"start":{"line":6,"column":0},"end":{"line":6,"column":77}},"5":{"start":{"line":7,"column":0},"end":{"line":7,"column":70}},"6":{"start":{"line":8,"column":0},"end":{"line":8,"column":78}},"7":{"start":{"line":9,"column":0},"end":{"line":9,"column":81}},"8":{"start":{"line":10,"column":0},"end":{"line":10,"column":84}},"9":{"start":{"line":12,"column":0},"end":{"line":12,"column":24}}},"fnMap":{},"branchMap":{},"s":{"0":1,"1":1,"2":1,"3":1,"4":1,"5":1,"6":1,"7":1,"8":1,"9":1},"f":{},"b":{},"_coverageSchema":"1a1c01bbd47fc00a2c39e90264f33305004495a9","hash":"e52f070aba9b6c3a03c235daeffaeb0c092de7bd"}
,"/Users/biltek/Desktop/Me/workout-note/src/scripts/add_muscle_groups.js": {"path":"/Users/biltek/Desktop/Me/workout-note/src/scripts/add_muscle_groups.js","statementMap":{"0":{"start":{"line":1,"column":13},"end":{"line":1,"column":36}},"1":{"start":{"line":3,"column":16},"end":{"line":19,"column":1}},"2":{"start":{"line":4,"column":4},"end":{"line":18,"column":5}},"3":{"start":{"line":5,"column":8},"end":{"line":5,"column":80}},"4":{"start":{"line":7,"column":8},"end":{"line":11,"column":11}},"5":{"start":{"line":13,"column":8},"end":{"line":13,"column":60}},"6":{"start":{"line":14,"column":8},"end":{"line":14,"column":24}},"7":{"start":{"line":16,"column":8},"end":{"line":16,"column":48}},"8":{"start":{"line":17,"column":8},"end":{"line":17,"column":24}},"9":{"start":{"line":21,"column":0},"end":{"line":21,"column":10}}},"fnMap":{"0":{"name":"(anonymous_0)","decl":{"start":{"line":3,"column":16},"end":{"line":3,"column":17}},"loc":{"start":{"line":3,"column":28},"end":{"line":19,"column":1}},"line":3}},"branchMap":{},"s":{"0":0,"1":0,"2":0,"3":0,"4":0,"5":0,"6":0,"7":0,"8":0,"9":0},"f":{"0":0},"b":{}}
,"/Users/biltek/Desktop/Me/workout-note/src/scripts/auto_populate_muscles.js": {"path":"/Users/biltek/Desktop/Me/workout-note/src/scripts/auto_populate_muscles.js","statementMap":{"0":{"start":{"line":1,"column":13},"end":{"line":1,"column":36}},"1":{"start":{"line":3,"column":25},"end":{"line":14,"column":1}},"2":{"start":{"line":16,"column":16},"end":{"line":44,"column":1}},"3":{"start":{"line":17,"column":4},"end":{"line":43,"column":5}},"4":{"start":{"line":18,"column":8},"end":{"line":18,"column":76}},"5":{"start":{"line":20,"column":20},"end":{"line":20,"column":104}},"6":{"start":{"line":21,"column":26},"end":{"line":21,"column":34}},"7":{"start":{"line":23,"column":27},"end":{"line":23,"column":28}},"8":{"start":{"line":25,"column":8},"end":{"line":36,"column":9}},"9":{"start":{"line":26,"column":25},"end":{"line":26,"column":46}},"10":{"start":{"line":27,"column":26},"end":{"line":27,"column":92}},"11":{"start":{"line":27,"column":53},"end":{"line":27,"column":91}},"12":{"start":{"line":27,"column":74},"end":{"line":27,"column":90}},"13":{"start":{"line":29,"column":12},"end":{"line":35,"column":13}},"14":{"start":{"line":30,"column":16},"end":{"line":33,"column":18}},"15":{"start":{"line":34,"column":16},"end":{"line":34,"column":31}},"16":{"start":{"line":38,"column":8},"end":{"line":38,"column":80}},"17":{"start":{"line":39,"column":8},"end":{"line":39,"column":24}},"18":{"start":{"line":41,"column":8},"end":{"line":41,"column":48}},"19":{"start":{"line":42,"column":8},"end":{"line":42,"column":24}},"20":{"start":{"line":46,"column":0},"end":{"line":46,"column":10}}},"fnMap":{"0":{"name":"(anonymous_0)","decl":{"start":{"line":16,"column":16},"end":{"line":16,"column":17}},"loc":{"start":{"line":16,"column":28},"end":{"line":44,"column":1}},"line":16},"1":{"name":"(anonymous_1)","decl":{"start":{"line":27,"column":48},"end":{"line":27,"column":49}},"loc":{"start":{"line":27,"column":53},"end":{"line":27,"column":91}},"line":27},"2":{"name":"(anonymous_2)","decl":{"start":{"line":27,"column":69},"end":{"line":27,"column":70}},"loc":{"start":{"line":27,"column":74},"end":{"line":27,"column":90}},"line":27}},"branchMap":{"0":{"loc":{"start":{"line":29,"column":12},"end":{"line":35,"column":13}},"type":"if","locations":[{"start":{"line":29,"column":12},"end":{"line":35,"column":13}},{"start":{},"end":{}}],"line":29}},"s":{"0":0,"1":0,"2":0,"3":0,"4":0,"5":0,"6":0,"7":0,"8":0,"9":0,"10":0,"11":0,"12":0,"13":0,"14":0,"15":0,"16":0,"17":0,"18":0,"19":0,"20":0},"f":{"0":0,"1":0,"2":0},"b":{"0":[0,0]}}
,"/Users/biltek/Desktop/Me/workout-note/src/scripts/inspect_schema.js": {"path":"/Users/biltek/Desktop/Me/workout-note/src/scripts/inspect_schema.js","statementMap":{"0":{"start":{"line":1,"column":13},"end":{"line":1,"column":36}},"1":{"start":{"line":3,"column":22},"end":{"line":26,"column":1}},"2":{"start":{"line":4,"column":4},"end":{"line":25,"column":5}},"3":{"start":{"line":5,"column":23},"end":{"line":5,"column":93}},"4":{"start":{"line":7,"column":8},"end":{"line":20,"column":9}},"5":{"start":{"line":8,"column":24},"end":{"line":12,"column":23}},"6":{"start":{"line":14,"column":12},"end":{"line":19,"column":13}},"7":{"start":{"line":15,"column":16},"end":{"line":15,"column":49}},"8":{"start":{"line":16,"column":16},"end":{"line":16,"column":98}},"9":{"start":{"line":16,"column":40},"end":{"line":16,"column":96}},"10":{"start":{"line":18,"column":16},"end":{"line":18,"column":66}},"11":{"start":{"line":21,"column":8},"end":{"line":21,"column":24}},"12":{"start":{"line":23,"column":8},"end":{"line":23,"column":27}},"13":{"start":{"line":24,"column":8},"end":{"line":24,"column":24}},"14":{"start":{"line":28,"column":0},"end":{"line":28,"column":16}}},"fnMap":{"0":{"name":"(anonymous_0)","decl":{"start":{"line":3,"column":22},"end":{"line":3,"column":23}},"loc":{"start":{"line":3,"column":34},"end":{"line":26,"column":1}},"line":3},"1":{"name":"(anonymous_1)","decl":{"start":{"line":16,"column":33},"end":{"line":16,"column":34}},"loc":{"start":{"line":16,"column":40},"end":{"line":16,"column":96}},"line":16}},"branchMap":{"0":{"loc":{"start":{"line":14,"column":12},"end":{"line":19,"column":13}},"type":"if","locations":[{"start":{"line":14,"column":12},"end":{"line":19,"column":13}},{"start":{"line":17,"column":19},"end":{"line":19,"column":13}}],"line":14}},"s":{"0":0,"1":0,"2":0,"3":0,"4":0,"5":0,"6":0,"7":0,"8":0,"9":0,"10":0,"11":0,"12":0,"13":0,"14":0},"f":{"0":0,"1":0},"b":{"0":[0,0]}}
,"/Users/biltek/Desktop/Me/workout-note/src/scripts/list_exercises.js": {"path":"/Users/biltek/Desktop/Me/workout-note/src/scripts/list_exercises.js","statementMap":{"0":{"start":{"line":1,"column":13},"end":{"line":1,"column":36}},"1":{"start":{"line":3,"column":22},"end":{"line":12,"column":1}},"2":{"start":{"line":4,"column":4},"end":{"line":11,"column":5}},"3":{"start":{"line":5,"column":20},"end":{"line":5,"column":75}},"4":{"start":{"line":6,"column":8},"end":{"line":6,"column":55}},"5":{"start":{"line":7,"column":8},"end":{"line":7,"column":24}},"6":{"start":{"line":9,"column":8},"end":{"line":9,"column":27}},"7":{"start":{"line":10,"column":8},"end":{"line":10,"column":24}},"8":{"start":{"line":14,"column":0},"end":{"line":14,"column":16}}},"fnMap":{"0":{"name":"(anonymous_0)","decl":{"start":{"line":3,"column":22},"end":{"line":3,"column":23}},"loc":{"start":{"line":3,"column":34},"end":{"line":12,"column":1}},"line":3}},"branchMap":{},"s":{"0":0,"1":0,"2":0,"3":0,"4":0,"5":0,"6":0,"7":0,"8":0},"f":{"0":0},"b":{}}
,"/Users/biltek/Desktop/Me/workout-note/src/scripts/list_users.js": {"path":"/Users/biltek/Desktop/Me/workout-note/src/scripts/list_users.js","statementMap":{"0":{"start":{"line":1,"column":13},"end":{"line":1,"column":36}},"1":{"start":{"line":3,"column":18},"end":{"line":12,"column":1}},"2":{"start":{"line":4,"column":4},"end":{"line":11,"column":5}},"3":{"start":{"line":5,"column":20},"end":{"line":5,"column":67}},"4":{"start":{"line":6,"column":8},"end":{"line":6,"column":48}},"5":{"start":{"line":7,"column":8},"end":{"line":7,"column":24}},"6":{"start":{"line":9,"column":8},"end":{"line":9,"column":27}},"7":{"start":{"line":10,"column":8},"end":{"line":10,"column":24}},"8":{"start":{"line":14,"column":0},"end":{"line":14,"column":12}}},"fnMap":{"0":{"name":"(anonymous_0)","decl":{"start":{"line":3,"column":18},"end":{"line":3,"column":19}},"loc":{"start":{"line":3,"column":30},"end":{"line":12,"column":1}},"line":3}},"branchMap":{},"s":{"0":0,"1":0,"2":0,"3":0,"4":0,"5":0,"6":0,"7":0,"8":0},"f":{"0":0},"b":{}}
,"/Users/biltek/Desktop/Me/workout-note/src/scripts/migrate_exercise_order.js": {"path":"/Users/biltek/Desktop/Me/workout-note/src/scripts/migrate_exercise_order.js","statementMap":{"0":{"start":{"line":1,"column":13},"end":{"line":1,"column":36}},"1":{"start":{"line":3,"column":16},"end":{"line":24,"column":1}},"2":{"start":{"line":4,"column":4},"end":{"line":23,"column":5}},"3":{"start":{"line":5,"column":8},"end":{"line":5,"column":45}},"4":{"start":{"line":8,"column":8},"end":{"line":15,"column":11}},"5":{"start":{"line":16,"column":8},"end":{"line":16,"column":68}},"6":{"start":{"line":18,"column":8},"end":{"line":18,"column":57}},"7":{"start":{"line":19,"column":8},"end":{"line":19,"column":24}},"8":{"start":{"line":21,"column":8},"end":{"line":21,"column":50}},"9":{"start":{"line":22,"column":8},"end":{"line":22,"column":24}},"10":{"start":{"line":26,"column":0},"end":{"line":26,"column":10}}},"fnMap":{"0":{"name":"(anonymous_0)","decl":{"start":{"line":3,"column":16},"end":{"line":3,"column":17}},"loc":{"start":{"line":3,"column":28},"end":{"line":24,"column":1}},"line":3}},"branchMap":{},"s":{"0":0,"1":0,"2":0,"3":0,"4":0,"5":0,"6":0,"7":0,"8":0,"9":0,"10":0},"f":{"0":0},"b":{}}
,"/Users/biltek/Desktop/Me/workout-note/src/scripts/migrate_routines.js": {"path":"/Users/biltek/Desktop/Me/workout-note/src/scripts/migrate_routines.js","statementMap":{"0":{"start":{"line":1,"column":13},"end":{"line":1,"column":36}},"1":{"start":{"line":3,"column":16},"end":{"line":51,"column":1}},"2":{"start":{"line":4,"column":4},"end":{"line":50,"column":5}},"3":{"start":{"line":5,"column":8},"end":{"line":5,"column":45}},"4":{"start":{"line":8,"column":8},"end":{"line":15,"column":11}},"5":{"start":{"line":16,"column":8},"end":{"line":16,"column":47}},"6":{"start":{"line":19,"column":8},"end":{"line":26,"column":11}},"7":{"start":{"line":27,"column":8},"end":{"line":27,"column":56}},"8":{"start":{"line":31,"column":8},"end":{"line":42,"column":11}},"9":{"start":{"line":43,"column":8},"end":{"line":43,"column":61}},"10":{"start":{"line":45,"column":8},"end":{"line":45,"column":57}},"11":{"start":{"line":46,"column":8},"end":{"line":46,"column":24}},"12":{"start":{"line":48,"column":8},"end":{"line":48,"column":50}},"13":{"start":{"line":49,"column":8},"end":{"line":49,"column":24}},"14":{"start":{"line":53,"column":0},"end":{"line":53,"column":10}}},"fnMap":{"0":{"name":"(anonymous_0)","decl":{"start":{"line":3,"column":16},"end":{"line":3,"column":17}},"loc":{"start":{"line":3,"column":28},"end":{"line":51,"column":1}},"line":3}},"branchMap":{},"s":{"0":0,"1":0,"2":0,"3":0,"4":0,"5":0,"6":0,"7":0,"8":0,"9":0,"10":0,"11":0,"12":0,"13":0,"14":0},"f":{"0":0},"b":{}}
[...]
olumn":21},"end":{"line":12,"column":100}},"9":{"start":{"line":13,"column":4},"end":{"line":13,"column":20}},"10":{"start":{"line":16,"column":21},"end":{"line":19,"column":1}},"11":{"start":{"line":17,"column":22},"end":{"line":17,"column":65}},"12":{"start":{"line":18,"column":4},"end":{"line":18,"column":21}},"13":{"start":{"line":21,"column":23},"end":{"line":25,"column":1}},"14":{"start":{"line":22,"column":20},"end":{"line":22,"column":71}},"15":{"start":{"line":23,"column":4},"end":{"line":23,"column":82}},"16":{"start":{"line":23,"column":18},"end":{"line":23,"column":82}},"17":{"start":{"line":24,"column":4},"end":{"line":24,"column":19}},"18":{"start":{"line":27,"column":23},"end":{"line":31,"column":1}},"19":{"start":{"line":28,"column":20},"end":{"line":28,"column":65}},"20":{"start":{"line":29,"column":4},"end":{"line":29,"column":82}},"21":{"start":{"line":29,"column":18},"end":{"line":29,"column":82}},"22":{"start":{"line":30,"column":4},"end":{"line":30,"column":16}},"23":{"start":{"line":33,"column":25},"end":{"line":38,"column":1}},"24":{"start":{"line":35,"column":21},"end":{"line":35,"column":74}},"25":{"start":{"line":35,"column":52},"end":{"line":35,"column":72}},"26":{"start":{"line":36,"column":4},"end":{"line":36,"column":53}},"27":{"start":{"line":37,"column":4},"end":{"line":37,"column":16}},"28":{"start":{"line":40,"column":0},"end":{"line":40,"column":100}}},"fnMap":{"0":{"name":"(anonymous_0)","decl":{"start":{"line":4,"column":23},"end":{"line":4,"column":24}},"loc":{"start":{"line":4,"column":91},"end":{"line":14,"column":1}},"line":4},"1":{"name":"(anonymous_1)","decl":{"start":{"line":16,"column":21},"end":{"line":16,"column":22}},"loc":{"start":{"line":16,"column":39},"end":{"line":19,"column":1}},"line":16},"2":{"name":"(anonymous_2)","decl":{"start":{"line":21,"column":23},"end":{"line":21,"column":24}},"loc":{"start":{"line":21,"column":59},"end":{"line":25,"column":1}},"line":21},"3":{"name":"(anonymous_3)","decl":{"start":{"line":27,"column":23},"end":{"line":27,"column":24}},"loc":{"start":{"line":27,"column":53},"end":{"line":31,"column":1}},"line":27},"4":{"name":"(anonymous_4)","decl":{"start":{"line":33,"column":25},"end":{"line":33,"column":26}},"loc":{"start":{"line":33,"column":55},"end":{"line":38,"column":1}},"line":33},"5":{"name":"(anonymous_5)","decl":{"start":{"line":35,"column":36},"end":{"line":35,"column":37}},"loc":{"start":{"line":35,"column":52},"end":{"line":35,"column":72}},"line":35}},"branchMap":{"0":{"loc":{"start":{"line":5,"column":4},"end":{"line":7,"column":5}},"type":"if","locations":[{"start":{"line":5,"column":4},"end":{"line":7,"column":5}},{"start":{},"end":{}}],"line":5},"1":{"loc":{"start":{"line":9,"column":4},"end":{"line":11,"column":5}},"type":"if","locations":[{"start":{"line":9,"column":4},"end":{"line":11,"column":5}},{"start":{},"end":{}}],"line":9},"2":{"loc":{"start":{"line":23,"column":4},"end":{"line":23,"column":82}},"type":"if","locations":[{"start":{"line":23,"column":4},"end":{"line":23,"column":82}},{"start":{},"end":{}}],"line":23},"3":{"loc":{"start":{"line":29,"column":4},"end":{"line":29,"column":82}},"type":"if","locations":[{"start":{"line":29,"column":4},"end":{"line":29,"column":82}},{"start":{},"end":{}}],"line":29}},"s":{"0":1,"1":1,"2":1,"3":0,"4":0,"5":0,"6":0,"7":0,"8":0,"9":0,"10":1,"11":0,"12":0,"13":1,"14":0,"15":0,"16":0,"17":0,"18":1,"19":0,"20":0,"21":0,"22":0,"23":1,"24":0,"25":0,"26":0,"27":0,"28":1},"f":{"0":0,"1":0,"2":0,"3":0,"4":0,"5":0},"b":{"0":[0,0],"1":[0,0],"2":[0,0],"3":[0,0]},"_coverageSchema":"1a1c01bbd47fc00a2c39e90264f33305004495a9","hash":"bd973ac230620c7f800f941601ca04ecd57d3150"}
,"/Users/biltek/Desktop/Me/workout-note/src/services/routine.service.js": {"path":"/Users/biltek/Desktop/Me/workout-note/src/services/routine.service.js","statementMap":{"0":{"start":{"line":1,"column":20},"end":{"line":1,"column":65}},"1":{"start":{"line":2,"column":17},"end":{"line":2,"column":46}},"2":{"start":{"line":4,"column":22},"end":{"line":16,"column":1}},"3":{"start":{"line":5,"column":4},"end":{"line":5,"column":67}},"4":{"start":{"line":5,"column":15},"end":{"line":5,"column":67}},"5":{"start":{"line":7,"column":20},"end":{"line":7,"column":58}},"6":{"start":{"line":9,"column":4},"end":{"line":13,"column":5}},"7":{"start":{"line":10,"column":8},"end":{"line":12,"column":9}},"8":{"start":{"line":10,"column":21},"end":{"line":10,"column":22}},"9":{"start":{"line":11,"column":12},"end":{"line":11,"column":71}},"10":{"start":{"line":15,"column":4},"end":{"line":15,"column":50}},"11":{"start":{"line":18,"column":24},"end":{"line":20,"column":1}},"12":{"start":{"line":19,"column":4},"end":{"line":19,"column":51}},"13":{"start":{"line":22,"column":19},"end":{"line":26,"column":1}},"14":{"start":{"line":23,"column":20},"end":{"line":23,"column":57}},"15":{"start":{"line":24,"column":4},"end":{"line":24,"column":63}},"16":{"start":{"line":24,"column":18},"end":{"line":24,"column":63}},"17":{"start":{"line":25,"column":4},"end":{"line":25,"column":19}},"18":{"start":{"line":28,"column":22},"end":{"line":33,"column":1}},"19":{"start":{"line":30,"column":20},"end":{"line":30,"column":63}},"20":{"start":{"line":31,"column":4},"end":{"line":31,"column":80}},"21":{"start":{"line":31,"column":18},"end":{"line":31,"column":80}},"22":{"start":{"line":32,"column":4},"end":{"line":32,"column":16}},"23":{"start":{"line":35,"column":22},"end":{"line":51,"column":1}},"24":{"start":{"line":36,"column":4},"end":{"line":36,"column":59}},"25":{"start":{"line":36,"column":15},"end":{"line":36,"column":59}},"26":{"start":{"line":39,"column":20},"end":{"line":39,"column":69}},"27":{"start":{"line":40,"column":4},"end":{"line":40,"column":80}},"28":{"start":{"line":40,"column":18},"end":{"line":40,"column":80}},"29":{"start":{"line":43,"column":4},"end":{"line":48,"column":5}},"30":{"start":{"line":44,"column":8},"end":{"line":44,"column":52}},"31":{"start":{"line":45,"column":8},"end":{"line":47,"column":9}},"32":{"start":{"line":45,"column":21},"end":{"line":45,"column":22}},"33":{"start":{"line":46,"column":12},"end":{"line":46,"column":70}},"34":{"start":{"line":50,"column":4},"end":{"line":50,"column":49}},"35":{"start":{"line":53,"column":0},"end":{"line":53,"column":94}}},"fnMap":{"0":{"name":"(anonymous_0)","decl":{"start":{"line":4,"column":22},"end":{"line":4,"column":23}},"loc":{"start":{"line":4,"column":57},"end":{"line":16,"column":1}},"line":4},"1":{"name":"(anonymous_1)","decl":{"start":{"line":18,"column":24},"end":{"line":18,"column":25}},"loc":{"start":{"line":18,"column":42},"end":{"line":20,"column":1}},"line":18},"2":{"name":"(anonymous_2)","decl":{"start":{"line":22,"column":19},"end":{"line":22,"column":20}},"loc":{"start":{"line":22,"column":40},"end":{"line":26,"column":1}},"line":22},"3":{"name":"(anonymous_3)","decl":{"start":{"line":28,"column":22},"end":{"line":28,"column":23}},"loc":{"start":{"line":28,"column":51},"end":{"line":33,"column":1}},"line":28},"4":{"name":"(anonymous_4)","decl":{"start":{"line":35,"column":22},"end":{"line":35,"column":23}},"loc":{"start":{"line":35,"column":68},"end":{"line":51,"column":1}},"line":35}},"branchMap":{"0":{"loc":{"start":{"line":5,"column":4},"end":{"line":5,"column":67}},"type":"if","locations":[{"start":{"line":5,"column":4},"end":{"line":5,"column":67}},{"start":{},"end":{}}],"line":5},"1":{"loc":{"start":{"line":9,"column":4},"end":{"line":13,"column":5}},"type":"if","locations":[{"start":{"line":9,"column":4},"end":{"line":13,"column":5}},{"start":{},"end":{}}],"line":9},"2":{"loc":{"start":{"line":9,"column":8},"end":{"line":9,"column":45}},"type":"binary-expr","locations":[{"start":{"line":9,"column":8},"end":{"line":9,"column":17}},{"start":{"line":9,"column":21},"end":{"line":9,"column":45}}],"line":9},"3":{"loc":{"start":{"line":24,"column":4},"end":{"line":24,"column":63}},"type":"if","locations":[{"start":{"line":24,"column":4},"end":{"line":24,"column":63}},{"start":{},"end":{}}],"line":24},"4":{"loc":{"start":{"line":31,"column":4},"end":{"line":31,"column":80}},"type":"if","locations":[{"start":{"line":31,"column":4},"end":{"line":31,"column":80}},{"start":{},"end":{}}],"line":31},"5":{"loc":{"start":{"line":36,"column":4},"end":{"line":36,"column":59}},"type":"if","locations":[{"start":{"line":36,"column":4},"end":{"line":36,"column":59}},{"start":{},"end":{}}],"line":36},"6":{"loc":{"start":{"line":40,"column":4},"end":{"line":40,"column":80}},"type":"if","locations":[{"start":{"line":40,"column":4},"end":{"line":40,"column":80}},{"start":{},"end":{}}],"line":40},"7":{"loc":{"start":{"line":43,"column":4},"end":{"line":48,"column":5}},"type":"if","locations":[{"start":{"line":43,"column":4},"end":{"line":48,"column":5}},{"start":{},"end":{}}],"line":43},"8":{"loc":{"start":{"line":43,"column":8},"end":{"line":43,"column":45}},"type":"binary-expr","locations":[{"start":{"line":43,"column":8},"end":{"line":43,"column":17}},{"start":{"line":43,"column":21},"end":{"line":43,"column":45}}],"line":43}},"s":{"0":1,"1":1,"2":1,"3":0,"4":0,"5":0,"6":0,"7":0,"8":0,"9":0,"10":0,"11":1,"12":0,"13":1,"14":0,"15":0,"16":0,"17":0,"18":1,"19":0,"20":0,"21":0,"22":0,"23":1,"24":0,"25":0,"26":0,"27":0,"28":0,"29":0,"30":0,"31":0,"32":0,"33":0,"34":0,"35":1},"f":{"0":0,"1":0,"2":0,"3":0,"4":0},"b":{"0":[0,0],"1":[0,0],"2":[0,0],"3":[0,0],"4":[0,0],"5":[0,0],"6":[0,0],"7":[0,0],"8":[0,0]},"_coverageSchema":"1a1c01bbd47fc00a2c39e90264f33305004495a9","hash":"4cc54bd96a8ec3dc604046148d80e2bb9e66edc5"}
,"/Users/biltek/Desktop/Me/workout-note/src/services/workouts.service.js": {"path":"/Users/biltek/Desktop/Me/workout-note/src/services/workouts.service.js","statementMap":{"0":{"start":{"line":1,"column":20},"end":{"line":1,"column":65}},"1":{"start":{"line":2,"column":21},"end":{"line":2,"column":67}},"2":{"start":{"line":3,"column":16},"end":{"line":3,"column":57}},"3":{"start":{"line":4,"column":17},"end":{"line":4,"column":46}},"4":{"start":{"line":6,"column":22},"end":{"line":42,"column":1}},"5":{"start":{"line":7,"column":39},"end":{"line":7,"column":43}},"6":{"start":{"line":9,"column":2},"end":{"line":11,"column":3}},"7":{"start":{"line":10,"column":4},"end":{"line":10,"column":56}},"8":{"start":{"line":20,"column":18},"end":{"line":24,"column":4}},"9":{"start":{"line":26,"column":2},"end":{"line":39,"column":3}},"10":{"start":{"line":27,"column":4},"end":{"line":38,"column":5}},"11":{"start":{"line":28,"column":6},"end":{"line":37,"column":9}},"12":{"start":{"line":41,"column":2},"end":{"line":41,"column":17}},"13":{"start":{"line":44,"column":23},"end":{"line":84,"column":1}},"14":{"start":{"line":45,"column":18},"end":{"line":48,"column":3}},"15":{"start":{"line":49,"column":2},"end":{"line":51,"column":3}},"16":{"start":{"line":50,"column":4},"end":{"line":50,"column":49}},"17":{"start":{"line":53,"column":20},"end":{"line":53,"column":65}},"18":{"start":{"line":54,"column":2},"end":{"line":56,"column":3}},"19":{"start":{"line":55,"column":4},"end":{"line":55,"column":41}},"20":{"start":{"line":58,"column":15},"end":{"line":58,"column":55}},"21":{"start":{"line":60,"column":25},"end":{"line":60,"column":27}},"22":{"start":{"line":62,"column":2},"end":{"line":75,"column":3}},"23":{"start":{"line":63,"column":4},"end":{"line":65,"column":5}},"24":{"start":{"line":64,"column":6},"end":{"line":64,"column":43}},"25":{"start":{"line":66,"column":4},"end":{"line":74,"column":6}},"26":{"start":{"line":76,"column":2},"end":{"line":83,"column":3}},"27":{"start":{"line":78,"column":36},"end":{"line":82,"column":5}},"28":{"start":{"line":87,"column":23},"end":{"line":89,"column":1}},"29":{"start":{"line":88,"column":2},"end":{"line":88,"column":49}},"30":{"start":{"line":91,"column":22},"end":{"line":97,"column":1}},"31":{"start":{"line":92,"column":18},"end":{"line":92,"column":68}},"32":{"start":{"line":93,"column":2},"end":{"line":95,"column":3}},"33":{"start":{"line":94,"column":4},"end":{"line":94,"column":66}},"34":{"start":{"line":96,"column":2},"end":{"line":96,"column":14}},"35":{"start":{"line":99,"column":22},"end":{"line":130,"column":1}},"36":{"start":{"line":100,"column":39},"end":{"line":100,"column":43}},"37":{"start":{"line":103,"column":25},"end":{"line":103,"column":92}},"38":{"start":{"line":104,"column":2},"end":{"line":106,"column":3}},"39":{"start":{"line":105,"column":4},"end":{"line":105,"column":66}},"40":{"start":{"line":110,"column":2},"end":{"line":127,"column":3}},"41":{"start":{"line":112,"column":4},"end":{"line":112,"column":47}},"42":{"start":{"line":115,"column":4},"end":{"line":126,"column":5}},"43":{"start":{"line":116,"column":6},"end":{"line":125,"column":9}},"44":{"start":{"line":129,"column":2},"end":{"line":129,"column":24}},"45":{"start":{"line":132,"column":0},"end":{"line":132,"column":97}}},"fnMap":{"0":{"name":"(anonymous_0)","decl":{"start":{"line":6,"column":22},"end":{"line":6,"column":23}},"loc":{"start":{"line":6,"column":46},"end":{"line":42,"column":1}},"line":6},"1":{"name":"(anonymous_1)","decl":{"start":{"line":44,"column":23},"end":{"line":44,"column":24}},"loc":{"start":{"line":44,"column":52},"end":{"line":84,"column":1}},"line":44},"2":{"name":"(anonymous_2)","decl":{"start":{"line":78,"column":29},"end":{"line":78,"column":30}},"loc":{"start":{"line":78,"column":36},"end":{"line":82,"column":5}},"line":78},"3":{"name":"(anonymous_3)","decl":{"start":{"line":87,"column":23},"end":{"line":87,"column":24}},"loc":{"start":{"line":87,"column":41},"end":{"line":89,"column":1}},"line":87},"4":{"name":"(anonymous_4)","decl":{"start":{"line":91,"column":22},"end":{"line":91,"column":23}},"loc":{"start":{"line":91,"column":51},"end":{"line":97,"column":1}},"line":91},"5":{"name":"(anonymous_5)","decl":{"start":{"line":99,"column":22},"end":{"line":99,"column":23}},"loc":{"start":{"line":99,"column":57},"end":{"line":130,"column":1}},"line":99}},"branchMap":{"0":{"loc":{"start":{"line":9,"column":2},"end":{"line":11,"column":3}},"type":"if","locations":[{"start":{"line":9,"column":2},"end":{"line":11,"column":3}},{"start":{},"end":{}}],"line":9},"1":{"loc":{"start":{"line":23,"column":10},"end":{"line":23,"column":22}},"type":"binary-expr","locations":[{"start":{"line":23,"column":10},"end":{"line":23,"column":14}},{"start":{"line":23,"column":18},"end":{"line":23,"column":22}}],"line":23},"2":{"loc":{"start":{"line":26,"column":2},"end":{"line":39,"column":3}},"type":"if","locations":[{"start":{"line":26,"column":2},"end":{"line":39,"column":3}},{"start":{},"end":{}}],"line":26},"3":{"loc":{"start":{"line":26,"column":6},"end":{"line":26,"column":29}},"type":"binary-expr","locations":[{"start":{"line":26,"column":6},"end":{"line":26,"column":10}},{"start":{"line":26,"column":14},"end":{"line":26,"column":29}}],"line":26},"4":{"loc":{"start":{"line":31,"column":20},"end":{"line":31,"column":39}},"type":"binary-expr","locations":[{"start":{"line":31,"column":20},"end":{"line":31,"column":34}},{"start":{"line":31,"column":38},"end":{"line":31,"column":39}}],"line":31},"5":{"loc":{"start":{"line":32,"column":16},"end":{"line":32,"column":31}},"type":"binary-expr","locations":[{"start":{"line":32,"column":16},"end":{"line":32,"column":26}},{"start":{"line":32,"column":30},"end":{"line":32,"column":31}}],"line":32},"6":{"loc":{"start":{"line":33,"column":14},"end":{"line":33,"column":27}},"type":"binary-expr","locations":[{"start":{"line":33,"column":14},"end":{"line":33,"column":22}},{"start":{"line":33,"column":26},"end":{"line":33,"column":27}}],"line":33},"7":{"loc":{"start":{"line":34,"column":13},"end":{"line":34,"column":28}},"type":"binary-expr","locations":[{"start":{"line":34,"column":13},"end":{"line":34,"column":20}},{"start":{"line":34,"column":24},"end":{"line":34,"column":28}}],"line":34},"8":{"loc":{"start":{"line":35,"column":14},"end":{"line":35,"column":30}},"type":"binary-expr","locations":[{"start":{"line":35,"column":14},"end":{"line":35,"column":22}},{"start":{"line":35,"column":26},"end":{"line":35,"column":30}}],"line":35},"9":{"loc":{"start":{"line":36,"column":21},"end":{"line":36,"column":44}},"type":"binary-expr","locations":[{"start":{"line":36,"column":21},"end":{"line":36,"column":36}},{"start":{"line":36,"column":40},"end":{"line":36,"column":44}}],"line":36},"10":{"loc":{"start":{"line":49,"column":2},"end":{"line":51,"column":3}},"type":"if","locations":[{"start":{"line":49,"column":2},"end":{"line":51,"column":3}},{"start":{},"end":{}}],"line":49},"11":{"loc":{"start":{"line":54,"column":2},"end":{"line":56,"column":3}},"type":"if","locations":[{"start":{"line":54,"column":2},"end":{"line":56,"column":3}},{"start":{},"end":{}}],"line":54},"12":{"loc":{"start":{"line":63,"column":4},"end":{"line":65,"column":5}},"type":"if","locations":[{"start":{"line":63,"column":4},"end":{"line":65,"column":5}},{"start":{},"end":{}}],"line":63},"13":{"loc":{"start":{"line":81,"column":12},"end":{"line":81,"column":39}},"type":"binary-expr","locations":[{"start":{"line":81,"column":12},"end":{"line":81,"column":33}},{"start":{"line":81,"column":37},"end":{"line":81,"column":39}}],"line":81},"14":{"loc":{"start":{"line":93,"column":2},"end":{"line":95,"column":3}},"type":"if","locations":[{"start":{"line":93,"column":2},"end":{"line":95,"column":3}},{"start":{},"end":{}}],"line":93},"15":{"loc":{"start":{"line":104,"column":2},"end":{"line":106,"column":3}},"type":"if","locations":[{"start":{"line":104,"column":2},"end":{"line":106,"column":3}},{"start":{},"end":{}}],"line":104},"16":{"loc":{"start":{"line":110,"column":2},"end":{"line":127,"column":3}},"type":"if","locations":[{"start":{"line":110,"column":2},"end":{"line":127,"column":3}},{"start":{},"end":{}}],"line":110},"17":{"loc":{"start":{"line":119,"column":20},"end":{"line":119,"column":39}},"type":"binary-expr","locations":[{"start":{"line":119,"column":20},"end":{"line":119,"column":34}},{"start":{"line":119,"column":38},"end":{"line":119,"column":39}}],"line":119},"18":{"loc":{"start":{"line":120,"column":16},"end":{"line":120,"column":31}},"type":"binary-expr","locations":[{"start":{"line":120,"column":16},"end":{"line":120,"column":26}},{"start":{"line":120,"column":30},"end":{"line":120,"column":31}}],"line":120},"19":{"loc":{"start":{"line":121,"column":14},"end":{"line":121,"column":27}},"type":"binary-expr","locations":[{"start":{"line":121,"column":14},"end":{"line":121,"column":22}},{"start":{"line":121,"column":26},"end":{"line":121,"column":27}}],"line":121},"20":{"loc":{"start":{"line":122,"column":13},"end":{"line":122,"column":28}},"type":"binary-expr","locations":[{"start":{"line":122,"column":13},"end":{"line":122,"column":20}},{"start":{"line":122,"column":24},"end":{"line":122,"column":28}}],"line":122},"21":{"loc":{"start":{"line":123,"column":14},"end":{"line":123,"column":30}},"type":"binary-expr","locations":[{"start":{"line":123,"column":14},"end":{"line":123,"column":22}},{"start":{"line":123,"column":26},"end":{"line":123,"column":30}}],"line":123},"22":{"loc":{"start":{"line":124,"column":21},"end":{"line":124,"column":44}},"type":"binary-expr","locations":[{"start":{"line":124,"column":21},"end":{"line":124,"column":36}},{"start":{"line":124,"column":40},"end":{"line":124,"column":44}}],"line":124}},"s":{"0":1,"1":1,"2":1,"3":1,"4":1,"5":0,"6":0,"7":0,"8":0,"9":0,"10":0,"11":0,"12":0,"13":1,"14":0,"15":0,"16":0,"17":0,"18":0,"19":0,"20":0,"21":0,"22":0,"23":0,"24":0,"25":0,"26":0,"27":0,"28":1,"29":0,"30":1,"31":0,"32":0,"33":0,"34":0,"35":1,"36":0,"37":0,"38":0,"39":0,"40":0,"41":0,"42":0,"43":0,"44":0,"45":1},"f":{"0":0,"1":0,"2":0,"3":0,"4":0,"5":0},"b":{"0":[0,0],"1":[0,0],"2":[0,0],"3":[0,0],"4":[0,0],"5":[0,0],"6":[0,0],"7":[0,0],"8":[0,0],"9":[0,0],"10":[0,0],"11":[0,0],"12":[0,0],"13":[0,0],"14":[0,0],"15":[0,0],"16":[0,0],"17":[0,0],"18":[0,0],"19":[0,0],"20":[0,0],"21":[0,0],"22":[0,0]},"_coverageSchema":"1a1c01bbd47fc00a2c39e90264f33305004495a9","hash":"e823b5a8a60d16ec2a1927e3daffd9862a26315c"}
}
